Log file open, 10/14/18 10:46:26
LogWindows: Failed to load 'aqProf.dll' (GetLastError=126)
LogWindows: File 'aqProf.dll' does not exist
LogWindows: Failed to load 'VSPerf140.dll' (GetLastError=126)
LogWindows: File 'VSPerf140.dll' does not exist
LogWindows: Failed to load 'VtuneApi.dll' (GetLastError=126)
LogWindows: File 'VtuneApi.dll' does not exist
LogWindows: Failed to load 'VtuneApi32e.dll' (GetLastError=126)
LogWindows: File 'VtuneApi32e.dll' does not exist
LogInit: Display: Running engine for game: MyProject
LogPlatformFile: Not using cached read wrapper
LogTaskGraph: Started task graph with 5 named threads and 14 total threads with 3 sets of task threads.
LogStats: Stats thread started at 0.252953
LogD3D11RHI: Loaded GFSDK_Aftermath_Lib.x64.dll
LogICUInternationalization: Display: ICU TimeZone Detection - Raw Offset: +1:00, Platform Override: ''
LogPluginManager: Mounting plugin Paper2D
LogPluginManager: Mounting plugin AISupport
LogPluginManager: Mounting plugin LightPropagationVolume
LogPluginManager: Mounting plugin CLionSourceCodeAccess
LogPluginManager: Mounting plugin CodeLiteSourceCodeAccess
LogPluginManager: Mounting plugin GitSourceControl
LogPluginManager: Mounting plugin KDevelopSourceCodeAccess
LogPluginManager: Mounting plugin NullSourceCodeAccess
LogPluginManager: Mounting plugin PerforceSourceControl
LogPluginManager: Mounting plugin SubversionSourceControl
LogPluginManager: Mounting plugin UObjectPlugin
LogPluginManager: Mounting plugin VisualStudioCodeSourceCodeAccess
LogPluginManager: Mounting plugin VisualStudioSourceCodeAccess
LogPluginManager: Mounting plugin XCodeSourceCodeAccess
LogPluginManager: Mounting plugin AssetManagerEditor
LogPluginManager: Mounting plugin CryptoKeys
LogPluginManager: Mounting plugin DataValidation
LogPluginManager: Mounting plugin FacialAnimation
LogPluginManager: Mounting plugin GameplayTagsEditor
LogPluginManager: Mounting plugin MacGraphicsSwitching
LogPluginManager: Mounting plugin MeshEditor
LogPluginManager: Mounting plugin MobileLauncherProfileWizard
LogPluginManager: Mounting plugin PluginBrowser
LogPluginManager: Mounting plugin SpeedTreeImporter
LogPluginManager: Mounting plugin DatasmithContent
LogPluginManager: Mounting plugin AlembicImporter
LogPluginManager: Mounting plugin AppleImageUtils
LogPluginManager: Mounting plugin AppleVision
LogPluginManager: Mounting plugin BackChannel
LogPluginManager: Mounting plugin CharacterAI
LogPluginManager: Mounting plugin GeometryCache
LogPluginManager: Mounting plugin HTML5Networking
LogPluginManager: Mounting plugin ProxyLODPlugin
LogPluginManager: Mounting plugin MagicLeap
LogPluginManager: Mounting plugin MagicLeapEmulator
LogPluginManager: Mounting plugin MagicLeapMedia
LogPluginManager: Mounting plugin AndroidMedia
LogPluginManager: Mounting plugin AvfMedia
LogPluginManager: Mounting plugin ImgMedia
LogPluginManager: Mounting plugin LinearTimecode
LogPluginManager: Mounting plugin MediaCompositing
LogPluginManager: Mounting plugin MediaPlayerEditor
LogPluginManager: Mounting plugin WmfMedia
LogPluginManager: Mounting plugin TcpMessaging
LogPluginManager: Mounting plugin UdpMessaging
LogPluginManager: Mounting plugin ActorSequence
LogPluginManager: Mounting plugin LevelSequenceEditor
LogPluginManager: Mounting plugin MatineeToLevelSequence
LogPluginManager: Mounting plugin NetcodeUnitTest
LogPluginManager: Mounting plugin NUTUnrealEngine4
LogPluginManager: Mounting plugin OnlineSubsystemGooglePlay
LogPluginManager: Mounting plugin OnlineSubsystemIOS
LogPluginManager: Mounting plugin OnlineSubsystem
LogPluginManager: Mounting plugin OnlineSubsystemNull
LogPluginManager: Mounting plugin OnlineSubsystemUtils
LogPluginManager: Mounting plugin LauncherChunkInstaller
LogPluginManager: Mounting plugin AndroidDeviceProfileSelector
LogPluginManager: Mounting plugin AndroidMoviePlayer
LogPluginManager: Mounting plugin AndroidPermission
LogPluginManager: Mounting plugin AppleMoviePlayer
LogPluginManager: Mounting plugin ArchVisCharacter
LogPluginManager: Mounting plugin AudioCapture
LogPluginManager: Mounting plugin CableComponent
LogPluginManager: Mounting plugin CustomMeshComponent
LogPluginManager: Mounting plugin EditableMesh
LogPluginManager: Mounting plugin ExampleDeviceProfileSelector
LogPluginManager: Mounting plugin GoogleCloudMessaging
LogPluginManager: Mounting plugin ImmediatePhysics
LogPluginManager: Mounting plugin IOSDeviceProfileSelector
LogPluginManager: Mounting plugin LinuxDeviceProfileSelector
LogPluginManager: Mounting plugin LocationServicesBPLibrary
LogPluginManager: Mounting plugin MobilePatchingUtils
LogPluginManager: Mounting plugin OculusVR
LogPluginManager: Plugin shader directory ../../../Engine/Plugins/Runtime/Oculus/OculusVR/Shaders found
LogPluginManager: Mapping shader source directory ../../../Engine/Plugins/Runtime/Oculus/OculusVR/Shaders to virtual directory /Plugin/OculusVR
LogPluginManager: Mounting plugin PhysXVehicles
LogPluginManager: Mounting plugin ProceduralMeshComponent
LogPluginManager: Mounting plugin RuntimePhysXCooking
LogPluginManager: Mounting plugin SteamVR
LogPluginManager: Mounting plugin WindowsMoviePlayer
LogStreaming: Display: Took  0.213s to configure plugins.
LogInit: Using libcurl 7.55.1-DEV
LogInit:  - built for x86_64-pc-win32
LogInit:  - supports SSL with OpenSSL/1.0.2h
LogInit:  - supports HTTP deflate (compression) using libz 1.2.8
LogInit:  - other features:
LogInit:      CURL_VERSION_SSL
LogInit:      CURL_VERSION_LIBZ
LogInit:      CURL_VERSION_IPV6
LogInit:      CURL_VERSION_ASYNCHDNS
LogInit:      CURL_VERSION_LARGEFILE
LogInit:      CURL_VERSION_IDN
LogInit:  CurlRequestOptions (configurable via config and command line):
LogInit:  - bVerifyPeer = false  - Libcurl will NOT verify peer certificate
LogInit:  - bUseHttpProxy = false  - Libcurl will NOT use HTTP proxy
LogInit:  - bDontReuseConnections = false  - Libcurl will reuse connections
LogInit:  - CertBundlePath = nullptr  - Libcurl will use whatever was configured at build time.
LogInit:  - MaxHostConnections = 16  - Libcurl will limit the number of connections to a host
LogInit:  - LocalHostAddr = Default
LogInit:  - BufferSize = 65536
LogInit: WinSock: version 1.1 (2.2), MaxSocks=32767, MaxUdp=65467
LogInit: Build: ++UE4+Release-4.20-CL-4369336
LogInit: Engine Version: 4.20.3-4369336+++UE4+Release-4.20
LogInit: Compatible Engine Version: 4.20.0-4212847+++UE4+Release-4.20
LogInit: Net CL: 4212847
LogInit: OS: Windows 10 (), CPU: Intel(R) Core(TM) i5-7300HQ CPU @ 2.50GHz, GPU: Intel(R) HD Graphics 630
LogInit: Compiled (64-bit): Sep 17 2018 12:26:19
LogInit: Compiled with Visual C++: 19.13.26129.00
LogInit: Build Configuration: Development
LogInit: Branch Name: ++UE4+Release-4.20
LogInit: Command Line: -EpicPortal 
LogInit: Base Directory: C:/Program Files/Epic Games/UE_4.20/Engine/Binaries/Win64/
LogInit: Installed Engine Build: 1
LogDevObjectVersion: Number of dev versions registered: 20
LogDevObjectVersion:   Dev-Blueprints (B0D832E4-1F89-4F0D-ACCF-7EB736FD4AA2): 10
LogDevObjectVersion:   Dev-Build (E1C64328-A22C-4D53-A36C-8E866417BD8C): 0
LogDevObjectVersion:   Dev-Core (375EC13C-06E4-48FB-B500-84F0262A717E): 2
LogDevObjectVersion:   Dev-Editor (E4B068ED-F494-42E9-A231-DA0B2E46BB41): 24
LogDevObjectVersion:   Dev-Framework (CFFC743F-43B0-4480-9391-14DF171D2073): 34
LogDevObjectVersion:   Dev-Mobile (B02B49B5-BB20-44E9-A304-32B752E40360): 2
LogDevObjectVersion:   Dev-Networking (A4E4105C-59A1-49B5-A7C5-40C4547EDFEE): 0
LogDevObjectVersion:   Dev-Online (39C831C9-5AE6-47DC-9A44-9C173E1C8E7C): 0
LogDevObjectVersion:   Dev-Physics (78F01B33-EBEA-4F98-B9B4-84EACCB95AA2): 0
LogDevObjectVersion:   Dev-Platform (6631380F-2D4D-43E0-8009-CF276956A95A): 0
LogDevObjectVersion:   Dev-Rendering (12F88B9F-8875-4AFC-A67C-D90C383ABD29): 26
LogDevObjectVersion:   Dev-Sequencer (7B5AE74C-D270-4C10-A958-57980B212A5A): 9
LogDevObjectVersion:   Dev-VR (D7296918-1DD6-4BDD-9DE2-64A83CC13884): 2
LogDevObjectVersion:   Dev-LoadTimes (C2A15278-BFE7-4AFE-6C17-90FF531DF755): 1
LogDevObjectVersion:   Private-Geometry (6EACA3D4-40EC-4CC1-B786-8BED09428FC5): 3
LogDevObjectVersion:   Dev-AnimPhys (29E575DD-E0A3-4627-9D10-D276232CDCEA): 17
LogDevObjectVersion:   Dev-ReflectionCapture (6B266CEC-1EC7-4B8F-A30B-E4D90942FC07): 1
LogDevObjectVersion:   Dev-Automation (0DF73D61-A23F-47EA-B727-89E90C41499A): 1
LogDevObjectVersion:   FortniteMain (601D1886-AC64-4F84-AA16-D3DE0DEAC7D6): 12
LogDevObjectVersion:   Dev-Enterprise (9DFFBCD6-494F-0158-E221-12823C92A888): 1
LogStreaming: Display: Took  0.002s to delete old logs.
LogInit: Presizing for max 8388607 objects, including 0 objects not considered by GC, pre-allocating 0 bytes for permanent pool.
LogInit: Object subsystem initialized
[2018.10.14-08.46.26:827][  0]LogInit: Selected Device Profile: [Windows]
[2018.10.14-08.46.26:827][  0]LogInit: Applying CVar settings loaded from the selected device profile: [Windows]
[2018.10.14-08.46.26:842][  0]LogHAL: Display: Platform has ~ 8 GB [8213573632 / 8589934592 / 8], which maps to Default [LargestMinGB=32, LargerMinGB=12, DefaultMinGB=8, SmallerMinGB=6, SmallestMinGB=0)
[2018.10.14-08.46.26:842][  0]LogInit: Setting Device Profile CVar: [[r.Vulkan.UseRealUBs:1]]
[2018.10.14-08.46.26:842][  0]LogInit: Going up to parent DeviceProfile []
[2018.10.14-08.46.26:842][  0]LogInit: Computer: KB-7408040
[2018.10.14-08.46.26:843][  0]LogInit: User: jmazur2
[2018.10.14-08.46.26:843][  0]LogInit: CPU Page size=4096, Cores=4
[2018.10.14-08.46.26:843][  0]LogInit: High frequency timer resolution =2.437500 MHz
[2018.10.14-08.46.26:843][  0]LogMemory: Memory total: Physical=7.6GB (8GB approx)
[2018.10.14-08.46.26:843][  0]LogMemory: Platform Memory Stats for Windows
[2018.10.14-08.46.26:843][  0]LogMemory: Process Physical Memory: 99.56 MB used, 99.56 MB peak
[2018.10.14-08.46.26:843][  0]LogMemory: Process Virtual Memory: 90.59 MB used, 90.59 MB peak
[2018.10.14-08.46.26:843][  0]LogMemory: Physical Memory: 5707.26 MB used,  2125.82 MB free, 7833.07 MB total
[2018.10.14-08.46.26:843][  0]LogMemory: Virtual Memory: 495.67 MB used,  2125.82 MB free, 134217728.00 MB total
[2018.10.14-08.46.26:884][  0]LogInit: Using OS detected language (pl-PL).
[2018.10.14-08.46.26:884][  0]LogInit: Using OS detected locale (pl-PL).
[2018.10.14-08.46.26:884][  0]LogTextLocalizationManager: No specific localization for 'pl-PL' exists, so the 'pl' localization will be used.
[2018.10.14-08.46.26:887][  0]LogStreaming: Display: Took  0.004s to InitEngineTextLocalization.
[2018.10.14-08.46.26:887][  0]LogInit: Setting process to per monitor DPI aware
[2018.10.14-08.46.26:926][  0]LogSlate: New Slate User Created.  User Index 0, Is Virtual User: 0
[2018.10.14-08.46.26:926][  0]LogSlate: Slate User Registered.  User Index 0, Is Virtual User: 0
[2018.10.14-08.46.27:387][  0]LogHMD: Failed to initialize OpenVR with code 110
[2018.10.14-08.46.27:387][  0]LogD3D11RHI: D3D11 adapters:
[2018.10.14-08.46.27:465][  0]LogD3D11RHI:    0. 'NVIDIA GeForce GTX 1050' (Feature Level 11_0)
[2018.10.14-08.46.27:465][  0]LogD3D11RHI:       4021/0/3916 MB DedicatedVideo/DedicatedSystem/SharedSystem, Outputs:1, VendorId:0x10de
[2018.10.14-08.46.27:484][  0]LogD3D11RHI:    1. 'Intel(R) HD Graphics 630' (Feature Level 11_0)
[2018.10.14-08.46.27:484][  0]LogD3D11RHI:       128/0/3916 MB DedicatedVideo/DedicatedSystem/SharedSystem, Outputs:0, VendorId:0x8086
[2018.10.14-08.46.27:486][  0]LogD3D11RHI:    2. 'Microsoft Basic Render Driver' (Feature Level 11_0)
[2018.10.14-08.46.27:486][  0]LogD3D11RHI:       0/0/3916 MB DedicatedVideo/DedicatedSystem/SharedSystem, Outputs:0, VendorId:0x1414
[2018.10.14-08.46.27:486][  0]LogD3D11RHI: Chosen D3D11 Adapter: 0
[2018.10.14-08.46.27:492][  0]LogD3D11RHI: Creating new Direct3DDevice
[2018.10.14-08.46.27:492][  0]LogD3D11RHI:     GPU DeviceId: 0x1c8d (for the marketing name, search the web for "GPU Device Id")
[2018.10.14-08.46.27:492][  0]LogWindows: EnumDisplayDevices:
[2018.10.14-08.46.27:492][  0]LogWindows:    0. 'Intel(R) HD Graphics 630' (P:1 D:1)
[2018.10.14-08.46.27:492][  0]LogWindows:    1. 'Intel(R) HD Graphics 630' (P:0 D:0)
[2018.10.14-08.46.27:492][  0]LogWindows:    2. 'Intel(R) HD Graphics 630' (P:0 D:0)
[2018.10.14-08.46.27:493][  0]LogWindows:    3. 'NVIDIA GeForce GTX 1050' (P:0 D:0)
[2018.10.14-08.46.27:493][  0]LogWindows:    4. 'DameWare Development Mirror Driver 64-bit' (P:0 D:0)
[2018.10.14-08.46.27:493][  0]LogWindows: DebugString: PrimaryIsNotTheChoosenAdapter PrimaryIsNotTheChoosenAdapter PrimaryIsNotTheChoosenAdapter GetVideoDriverDetailsInvalid PrimaryIsNotTheChoosenAdapter 
[2018.10.14-08.46.27:493][  0]LogD3D11RHI:     Adapter Name: NVIDIA GeForce GTX 1050
[2018.10.14-08.46.27:493][  0]LogD3D11RHI:   Driver Version: 416.16 (internal:25.21.14.1616, unified:416.16)
[2018.10.14-08.46.27:493][  0]LogD3D11RHI:      Driver Date: 10-2-2018
[2018.10.14-08.46.27:493][  0]LogRHI: Texture pool is 2814 MB (70% of 4021 MB)
[2018.10.14-08.46.27:548][  0]LogD3D11RHI: Async texture creation enabled
[2018.10.14-08.46.27:576][  0]LogD3D11RHI: GPU Timing Frequency: 1000.000000 (Debug: 2 2)
[2018.10.14-08.46.27:579][  0]LogShaderCompilers: Guid format shader working directory is -19 characters bigger than the processId version (../../../../../../Users/j.mazur2/Documents/Unreal Projects/MyProject/Intermediate/Shaders/WorkingDirectory/3032/).
[2018.10.14-08.46.27:579][  0]LogShaderCompilers: Cleaned the shader compiler working directory 'C:/Users/j.mazur2/AppData/Local/Temp/UnrealShaderWorkingDir/572E5B044F234AAC152BB998F507C826/'.
[2018.10.14-08.46.27:924][  0]LogTemp: Display: Loaded TP AllDesktopTargetPlatform
[2018.10.14-08.46.27:943][  0]LogTemp: Display: Loaded TP MacClientTargetPlatform
[2018.10.14-08.46.27:962][  0]LogTemp: Display: Loaded TP MacNoEditorTargetPlatform
[2018.10.14-08.46.27:979][  0]LogTemp: Display: Loaded TP MacServerTargetPlatform
[2018.10.14-08.46.27:998][  0]LogTemp: Display: Loaded TP MacTargetPlatform
[2018.10.14-08.46.28:016][  0]LogTemp: Display: Loaded TP WindowsClientTargetPlatform
[2018.10.14-08.46.28:035][  0]LogTemp: Display: Loaded TP WindowsNoEditorTargetPlatform
[2018.10.14-08.46.28:054][  0]LogTemp: Display: Loaded TP WindowsServerTargetPlatform
[2018.10.14-08.46.28:063][  0]LogTemp: Display: Loaded TP WindowsTargetPlatform
[2018.10.14-08.46.28:176][  0]LogTemp: Display: Loaded TP AndroidTargetPlatform
[2018.10.14-08.46.28:176][  0]LogTemp: Display: Loaded TP AndroidTargetPlatform
[2018.10.14-08.46.28:176][  0]LogTemp: Display: Loaded TP AndroidTargetPlatform
[2018.10.14-08.46.28:176][  0]LogTemp: Display: Loaded TP AndroidTargetPlatform
[2018.10.14-08.46.28:176][  0]LogTemp: Display: Loaded TP AndroidTargetPlatform
[2018.10.14-08.46.28:176][  0]LogTemp: Display: Loaded TP AndroidTargetPlatform
[2018.10.14-08.46.28:176][  0]LogTemp: Display: Loaded TP AndroidTargetPlatform
[2018.10.14-08.46.28:176][  0]LogTemp: Display: Loaded TP AndroidTargetPlatform
[2018.10.14-08.46.28:176][  0]LogTemp: Display: Loaded TP AndroidTargetPlatform
[2018.10.14-08.46.28:176][  0]LogTemp: Display: Loaded TP AndroidTargetPlatform
[2018.10.14-08.46.28:176][  0]LogTemp: Display: Loaded TP AndroidTargetPlatform
[2018.10.14-08.46.28:176][  0]LogTemp: Display: Loaded TP AndroidTargetPlatform
[2018.10.14-08.46.28:176][  0]LogTemp: Display: Loaded TP AndroidTargetPlatform
[2018.10.14-08.46.28:177][  0]LogTemp: Display: Loaded TP AndroidTargetPlatform
[2018.10.14-08.46.28:177][  0]LogTemp: Display: Loaded TP AndroidTargetPlatform
[2018.10.14-08.46.28:177][  0]LogTemp: Display: Loaded TP AndroidTargetPlatform
[2018.10.14-08.46.28:177][  0]LogTemp: Display: Loaded TP AndroidTargetPlatform
[2018.10.14-08.46.28:177][  0]LogTemp: Display: Loaded TP AndroidTargetPlatform
[2018.10.14-08.46.28:180][  0]LogTemp: Display: Loaded TP HTML5TargetPlatform
[2018.10.14-08.46.28:251][  0]LogTemp: Display: Loaded TP IOSTargetPlatform
[2018.10.14-08.46.28:251][  0]LogTemp: Display: Loaded TP IOSTargetPlatform
[2018.10.14-08.46.28:283][  0]LogTemp: Display: Loaded TP TVOSTargetPlatform
[2018.10.14-08.46.28:283][  0]LogTemp: Display: Loaded TP TVOSTargetPlatform
[2018.10.14-08.46.28:301][  0]LogTemp: Display: Loaded TP LinuxClientTargetPlatform
[2018.10.14-08.46.28:318][  0]LogTemp: Display: Loaded TP LinuxNoEditorTargetPlatform
[2018.10.14-08.46.28:338][  0]LogTemp: Display: Loaded TP LinuxServerTargetPlatform
[2018.10.14-08.46.28:359][  0]LogTemp: Display: Loaded TP LinuxTargetPlatform
[2018.10.14-08.46.28:374][  0]LogTemp: Display: Loaded TP LuminTargetPlatform
[2018.10.14-08.46.28:374][  0]LogTargetPlatformManager: Display: Building Assets For Windows
[2018.10.14-08.46.28:493][  0]LogXGEController: Cannot use XGE Controller as Incredibuild is not installed on this machine.
[2018.10.14-08.46.28:493][  0]LogShaderCompilers: Cannot use XGE Shader Compiler as Incredibuild is not installed on this machine.
[2018.10.14-08.46.28:494][  0]LogShaderCompilers: Display: Using Local Shader Compiler.
[2018.10.14-08.46.29:728][  0]LogDerivedDataCache: Display: Max Cache Size: 512 MB
[2018.10.14-08.46.29:819][  0]LogDerivedDataCache: Loaded boot cache 0.09s 71MB C:/Users/j.mazur2/AppData/Local/UnrealEngine/4.20/DerivedDataCache/Boot.ddc.
[2018.10.14-08.46.29:819][  0]LogDerivedDataCache: Display: Loaded Boot cache: C:/Users/j.mazur2/AppData/Local/UnrealEngine/4.20/DerivedDataCache/Boot.ddc
[2018.10.14-08.46.29:819][  0]LogDerivedDataCache: FDerivedDataBackendGraph:  Pak pak cache file ../../../../../../Users/j.mazur2/Documents/Unreal Projects/MyProject/DerivedDataCache/DDC.ddp not found, will not use a pak cache.
[2018.10.14-08.46.29:819][  0]LogDerivedDataCache: Unable to find inner node Pak for hierarchical cache Hierarchy.
[2018.10.14-08.46.29:820][  0]LogDerivedDataCache: FDerivedDataBackendGraph:  CompressedPak pak cache file ../../../../../../Users/j.mazur2/Documents/Unreal Projects/MyProject/DerivedDataCache/Compressed.ddp not found, will not use a pak cache.
[2018.10.14-08.46.29:820][  0]LogDerivedDataCache: Unable to find inner node CompressedPak for hierarchical cache Hierarchy.
[2018.10.14-08.46.29:840][  0]LogDerivedDataCache: Display: Pak cache opened for reading ../../../Engine/DerivedDataCache/Compressed.ddp.
[2018.10.14-08.46.29:853][  0]LogDerivedDataCache: Using Local data cache path C:/Users/j.mazur2/AppData/Local/UnrealEngine/Common/DerivedDataCache: Writable
[2018.10.14-08.46.29:853][  0]LogDerivedDataCache: Shared data cache path not found in *engine.ini, will not use an Shared cache.
[2018.10.14-08.46.29:853][  0]LogDerivedDataCache: Unable to find inner node Shared for hierarchical cache Hierarchy.
[2018.10.14-08.46.29:877][  0]LogMaterial: Verifying Global Shaders for PCD3D_SM5
[2018.10.14-08.46.29:879][  0]LogSlate: Using FreeType 2.6.0
[2018.10.14-08.46.29:880][  0]LogSlate: SlateFontServices - WITH_FREETYPE: 1, WITH_HARFBUZZ: 1
[2018.10.14-08.46.30:001][  0]LogAssetRegistry: FAssetRegistry took 0.0275 seconds to start up
[2018.10.14-08.46.30:485][  0]LogInit: Selected Device Profile: [Windows]
[2018.10.14-08.46.30:676][  0]LogSimplygon: Simplygon DLL not present - disabling.
[2018.10.14-08.46.30:684][  0]LogMeshReduction: Using SimplygonSwarm for distributed automatic mesh merging
[2018.10.14-08.46.30:684][  0]LogMeshReduction: Using ProxyLODMeshReduction for automatic mesh merging
[2018.10.14-08.46.30:684][  0]LogMeshReduction: Using QuadricMeshReduction for automatic static mesh reduction
[2018.10.14-08.46.30:684][  0]LogMeshReduction: No automatic skeletal mesh reduction module available
[2018.10.14-08.46.30:707][  0]LogNetVersion: MyProject 1.0.0, NetCL: 4212847, EngineNetVer: 5, GameNetVer: 0 (Checksum: 1110078900)
[2018.10.14-08.46.31:658][  0]LogPackageLocalizationCache: Processed 11 localized package path(s) for 2 prioritized culture(s) in 0.202544 seconds
[2018.10.14-08.46.31:666][  0]LogUObjectArray: 38425 objects as part of root set at end of initial load.
[2018.10.14-08.46.31:667][  0]LogUObjectAllocator: 6690864 out of 0 bytes used by permanent object pool.
[2018.10.14-08.46.31:667][  0]LogUObjectArray: CloseDisregardForGC: 0/0 objects in disregard for GC pool
[2018.10.14-08.46.33:400][  0]LogTcpMessaging: Initializing TcpMessaging bridge
[2018.10.14-08.46.33:414][  0]LogUdpMessaging: Initializing bridge on interface 0.0.0.0:0 to multicast group 230.0.0.1:6666.
[2018.10.14-08.46.33:605][  0]SourceControl: Source control is disabled
[2018.10.14-08.46.33:605][  0]SourceControl: Source control is disabled
[2018.10.14-08.46.33:608][  0]SourceControl: Source control is disabled
[2018.10.14-08.46.33:610][  0]SourceControl: Source control is disabled
[2018.10.14-08.46.33:865][  0]LogAndroidPermission: UAndroidPermissionCallbackProxy::GetInstance
[2018.10.14-08.46.33:946][  0]LogOcInput: OculusInput pre-init called
[2018.10.14-08.46.34:030][  0]LogEngine: Initializing Engine...
[2018.10.14-08.46.34:031][  0]LogHMD: Failed to initialize OpenVR with code 110
[2018.10.14-08.46.34:032][  0]LogStats: UGameplayTagsManager::ConstructGameplayTagTree: ImportINI prefixes -  0.000 s
[2018.10.14-08.46.34:032][  0]LogStats: UGameplayTagsManager::ConstructGameplayTagTree: Construct from data asset -  0.000 s
[2018.10.14-08.46.34:032][  0]LogStats: UGameplayTagsManager::ConstructGameplayTagTree: ImportINI -  0.000 s
[2018.10.14-08.46.34:032][  0]LogStats: UGameplayTagsManager::ConstructGameplayTagTree: GameplayTagTreeChangedEvent.Broadcast -  0.000 s
[2018.10.14-08.46.34:378][  0]LogInit: Initializing FReadOnlyCVARCache
[2018.10.14-08.46.34:405][  0]LogAIModule: Creating AISystem for world Untitled
[2018.10.14-08.46.34:417][  0]LogInit: XAudio2 using 'Głośniki / Słuchawki (Realtek Audio)' : 2 channels at 48 kHz using 32 bits per sample (channel mask 0x3)
[2018.10.14-08.46.34:623][  0]LogInit: FAudioDevice initialized.
[2018.10.14-08.46.34:623][  0]LogNetVersion: Set ProjectVersion to 1.0.0.0. Version Checksum will be recalculated on next use.
[2018.10.14-08.46.34:730][  0]LogDerivedDataCache: Saved boot cache 0.11s 71MB C:/Users/j.mazur2/AppData/Local/UnrealEngine/4.20/DerivedDataCache/Boot.ddc.
[2018.10.14-08.46.34:737][  0]LogInit: Texture streaming: Enabled
[2018.10.14-08.46.34:773][  0]LogEngineSessionManager: EngineSessionManager initialized
[2018.10.14-08.46.34:797][  0]LogInit: Transaction tracking system initialized
[2018.10.14-08.46.34:837][  0]BlueprintLog: New page: Editor Load
[2018.10.14-08.46.34:970][  0]LocalizationService: Localization service is disabled
[2018.10.14-08.46.35:364][  0]LogCook: Display: Max memory allowance for cook 16384mb min free memory 0mb
[2018.10.14-08.46.35:364][  0]LogCook: Display: Mobile HDR setting 1
[2018.10.14-08.46.35:364][  0]LogGameplayTags: Display: UGameplayTagsManager::DoneAddingNativeTags. DelegateIsBound: 0
[2018.10.14-08.46.35:365][  0]LogStats: UGameplayTagsManager::ConstructGameplayTagTree: ImportINI prefixes -  0.000 s
[2018.10.14-08.46.35:365][  0]LogStats: UGameplayTagsManager::ConstructGameplayTagTree: Construct from data asset -  0.000 s
[2018.10.14-08.46.35:365][  0]LogStats: UGameplayTagsManager::ConstructGameplayTagTree: ImportINI -  0.000 s
[2018.10.14-08.46.35:365][  0]LogStats: UGameplayTagsManager::ConstructGameplayTagTree: GameplayTagTreeChangedEvent.Broadcast -  0.000 s
[2018.10.14-08.46.35:549][  0]LogFileCache: Scanning file cache for directory 'C:/Users/j.mazur2/Documents/Unreal Projects/MyProject/Content/' took 0.02s
[2018.10.14-08.46.35:549][  0]SourceControl: Source control is disabled
[2018.10.14-08.46.35:549][  0]Cmd: MAP LOAD FILE="../../../../../../Users/j.mazur2/Documents/Unreal Projects/MyProject/Content/FirstPersonBP/Maps/FirstPersonExampleMap.umap" TEMPLATE=0 SHOWPROGRESS=1 FEATURELEVEL=3
[2018.10.14-08.46.35:550][  0]LightingResults: New page: Lighting Build
[2018.10.14-08.46.35:555][  0]MapCheck: New page: Map Check
[2018.10.14-08.46.35:555][  0]LightingResults: New page: Lighting Build
[2018.10.14-08.46.36:569][  0]LogAIModule: Creating AISystem for world FirstPersonExampleMap
[2018.10.14-08.46.36:846][  0]LogEditorServer: Finished looking for orphan Actors (0.000 secs)
[2018.10.14-08.46.36:876][  0]Cmd: MAP CHECKDEP NOCLEARLOG
[2018.10.14-08.46.37:093][  0]MapCheck: Map check complete: 0 Error(s), 0 Warning(s), took 216,837ms to complete.
[2018.10.14-08.46.37:093][  0]LogFileHelpers: Loading map 'FirstPersonExampleMap' took 1.544
[2018.10.14-08.46.37:167][  0]LogWindowsTextInputMethodSystem: Display: IME system now deactivated.
[2018.10.14-08.46.37:241][  0]LogSlate: Updating window title bar state: overlay mode, drag disabled, window buttons hidden, title bar hidden
[2018.10.14-08.46.37:249][  0]LogSlate: Updating window title bar state: overlay mode, drag disabled, window buttons hidden, title bar hidden
[2018.10.14-08.46.37:259][  0]LogSlate: Updating window title bar state: overlay mode, drag disabled, window buttons hidden, title bar hidden
[2018.10.14-08.46.37:268][  0]LogSlate: Updating window title bar state: overlay mode, drag disabled, window buttons hidden, title bar hidden
[2018.10.14-08.46.37:285][  0]LogCollectionManager: Loaded 0 collections in 0.002717 seconds
[2018.10.14-08.46.37:344][  0]LogFileCache: Scanning file cache for directory 'C:/Users/j.mazur2/Documents/Unreal Projects/MyProject/Saved/Collections/' took 0.01s
[2018.10.14-08.46.37:344][  0]LogFileCache: Scanning file cache for directory 'C:/Users/j.mazur2/Documents/Unreal Projects/MyProject/Content/Developers/jmazur2/Collections/' took 0.01s
[2018.10.14-08.46.37:344][  0]LogFileCache: Scanning file cache for directory 'C:/Users/j.mazur2/Documents/Unreal Projects/MyProject/Content/Collections/' took 0.01s
[2018.10.14-08.46.37:344][  0]LogCollectionManager: Rebuilt the GUID cache for 0 collections in 0.000000 seconds
[2018.10.14-08.46.37:358][  0]LogContentBrowser: Native class hierarchy populated in 0.0131 seconds. Added 2572 classes and 603 folders.
[2018.10.14-08.46.37:376][  0]LogContentBrowser: Native class hierarchy updated for 'WidgetCarousel' in 0.0002 seconds. Added 0 classes and 0 folders.
[2018.10.14-08.46.37:566][  0]LogContentBrowser: Native class hierarchy updated for 'AddContentDialog' in 0.0003 seconds. Added 0 classes and 0 folders.
[2018.10.14-08.46.37:582][  0]LogContentBrowser: Native class hierarchy updated for 'SceneOutliner' in 0.0003 seconds. Added 1 classes and 2 folders.
[2018.10.14-08.46.37:792][  0]LogSlate: Took 0.000342 seconds to synchronously load lazily loaded font '../../../Engine/Content/Slate/Fonts/Roboto-Regular.ttf' (155K)
[2018.10.14-08.46.37:795][  0]LogSlate: Took 0.000446 seconds to synchronously load lazily loaded font '../../../Engine/Content/Slate/Fonts/Roboto-Bold.ttf' (160K)
[2018.10.14-08.46.37:806][  0]LogSlate: Took 0.002807 seconds to synchronously load lazily loaded font '../../../Engine/Content/Editor/Slate/Fonts/FontAwesome.ttf' (139K)
[2018.10.14-08.46.37:940][  0]LogRenderer: Reallocating scene render targets to support 1168x600 Format 10 NumSamples 1 (Frame:1).
[2018.10.14-08.46.38:141][  0]LogContentBrowser: Native class hierarchy updated for 'HierarchicalLODOutliner' in 0.0003 seconds. Added 0 classes and 0 folders.
[2018.10.14-08.46.38:141][  0]LogLoad: (Engine Initialization) Total time: 13.20 seconds
[2018.10.14-08.46.38:141][  0]LogLoad: (Engine Initialization) Total Blueprint compile time: 0.00 seconds
[2018.10.14-08.46.38:197][  0]LogContentStreaming: Texture pool size now 1000 MB
[2018.10.14-08.46.38:235][  0]LogSlate: Took 0.002104 seconds to synchronously load lazily loaded font '../../../Engine/Content/Slate/Fonts/Roboto-Light.ttf' (167K)
[2018.10.14-08.46.38:257][  1]LogAssetRegistry: Asset discovery search completed in 8.2785 seconds
[2018.10.14-08.46.38:259][  1]LogCollectionManager: Rebuilt the object cache for 0 collections in 0.000000 seconds (found 0 objects)
[2018.10.14-08.46.38:259][  1]LogCollectionManager: Fixed up redirectors for 0 collections in 0.000079 seconds (updated 0 objects)
[2018.10.14-08.46.48:576][615]LogSlate: FSceneViewport::OnFocusLost() reason 0
[2018.10.14-08.47.10:457][925]LogSlate: FSceneViewport::OnFocusLost() reason 0
[2018.10.14-08.48.50:452][533]Cmd: DELETE
[2018.10.14-08.48.50:452][533]Cmd: ACTOR DELETE
[2018.10.14-08.48.50:473][533]LogEditorActor: Deleted Actor: Brush
[2018.10.14-08.48.50:543][533]LogEditorActor: Deleted 1 Actors (0.083 secs)
[2018.10.14-08.48.52:395][631]Cmd: DELETE
[2018.10.14-08.48.52:395][631]Cmd: ACTOR DELETE
[2018.10.14-08.48.52:405][631]LogEditorActor: Deleted Actor: Brush
[2018.10.14-08.48.52:468][631]LogEditorActor: Deleted 1 Actors (0.073 secs)
[2018.10.14-08.48.53:752][706]Cmd: TRANSACTION UNDO
[2018.10.14-08.48.53:752][706]LogEditorTransaction: Undo Delete Actors
[2018.10.14-08.48.53:788][706]LogActorComponent: ~FComponentReregisterContext: (/Game/FirstPersonBP/Maps/FirstPersonExampleMap.FirstPersonExampleMap:PersistentLevel.BoxBrush3_6.BrushComponent0) Component already registered.
[2018.10.14-08.48.53:867][706]LogSlate: Took 0.000420 seconds to synchronously load lazily loaded font '../../../Engine/Content/Slate/Fonts/Roboto-Light.ttf' (167K)
[2018.10.14-08.48.55:041][772]Cmd: DELETE
[2018.10.14-08.48.55:041][772]Cmd: ACTOR DELETE
[2018.10.14-08.48.55:051][772]LogEditorActor: Deleted Actor: Brush
[2018.10.14-08.48.55:112][772]LogEditorActor: Deleted 1 Actors (0.070 secs)
[2018.10.14-08.49.06:008][193]Cmd: DELETE
[2018.10.14-08.49.06:009][193]Cmd: ACTOR DELETE
[2018.10.14-08.49.06:018][193]LogEditorActor: Deleted Actor: Brush
[2018.10.14-08.49.06:083][193]LogEditorActor: Deleted 1 Actors (0.075 secs)
[2018.10.14-08.49.10:170][422]Cmd: DELETE
[2018.10.14-08.49.10:171][422]Cmd: ACTOR DELETE
[2018.10.14-08.49.10:179][422]LogEditorActor: Deleted Actor: Brush
[2018.10.14-08.49.10:248][422]LogEditorActor: Deleted 1 Actors (0.077 secs)
[2018.10.14-08.49.14:259][651]Cmd: TRANSACTION UNDO
[2018.10.14-08.49.14:259][651]LogEditorTransaction: Undo Select Brush Surface
[2018.10.14-08.49.14:585][662]Cmd: TRANSACTION UNDO
[2018.10.14-08.49.14:586][662]LogEditorTransaction: Undo Delete Actors
[2018.10.14-08.49.15:043][675]Cmd: TRANSACTION UNDO
[2018.10.14-08.49.15:044][675]LogEditorTransaction: Undo Select Brush Surface
[2018.10.14-08.49.15:378][693]Cmd: TRANSACTION UNDO
[2018.10.14-08.49.15:378][693]LogEditorTransaction: Undo Delete Actors
[2018.10.14-08.49.15:763][709]Cmd: TRANSACTION UNDO
[2018.10.14-08.49.15:763][709]LogEditorTransaction: Undo Select Brush Surface
[2018.10.14-08.49.21:895][ 72]Cmd: DELETE
[2018.10.14-08.49.21:895][ 72]Cmd: ACTOR DELETE
[2018.10.14-08.49.21:906][ 72]LogEditorActor: Deleted Actor: Brush
[2018.10.14-08.49.21:973][ 72]LogEditorActor: Deleted 1 Actors (0.078 secs)
[2018.10.14-08.50.16:057][423]Cmd: DELETE
[2018.10.14-08.50.16:057][423]Cmd: ACTOR DELETE
[2018.10.14-08.50.16:067][423]LogEditorActor: Deleted Actor: Brush
[2018.10.14-08.50.16:134][423]LogEditorActor: Deleted 1 Actors (0.077 secs)
[2018.10.14-08.51.43:133][309]LogSlate: FSceneViewport::OnFocusLost() reason 2
[2018.10.14-08.52.01:089][317]LogEditorViewport: Clicking on Actor (LMB): Landscape (Landscape)
[2018.10.14-08.52.04:719][507]LogEditorViewport: Clicking on Actor (LMB): Landscape (Landscape)
[2018.10.14-08.52.11:030][849]LogEditorViewport: Clicking on Actor (LMB): Landscape (Landscape)
[2018.10.14-08.52.16:805][190]LogSlate: FSceneViewport::OnFocusLost() reason 0
[2018.10.14-08.52.21:207][443]LogEditorActor: Deleted Actor: PostProcessVolume
[2018.10.14-08.52.21:234][443]LogEditorActor: Deleted 1 Actors (0.042 secs)
[2018.10.14-08.52.26:446][756]LogSlate: FSceneViewport::OnFocusLost() reason 0
[2018.10.14-08.52.26:746][774]Cmd: TRANSACTION UNDO
[2018.10.14-08.52.26:747][774]LogEditorTransaction: Undo Delete selection
[2018.10.14-08.52.45:869][908]LogSlate: FSceneViewport::OnFocusLost() reason 0
[2018.10.14-08.53.04:681][ 26]LogTemp: Repeating last play command: Selected Viewport
[2018.10.14-08.53.04:698][ 26]LogBlueprintUserMessages: Early PlayInEditor Detection: Level '/Game/FirstPersonBP/Maps/FirstPersonExampleMap.FirstPersonExampleMap:PersistentLevel' has LevelScriptBlueprint '/Game/FirstPersonBP/Maps/FirstPersonExampleMap.FirstPersonExampleMap:PersistentLevel.FirstPersonExampleMap' with GeneratedClass '/Game/FirstPersonBP/Maps/FirstPersonExampleMap.FirstPersonExampleMap_C' with ClassGeneratedBy '/Game/FirstPersonBP/Maps/FirstPersonExampleMap.FirstPersonExampleMap:PersistentLevel.FirstPersonExampleMap'
[2018.10.14-08.53.04:699][ 26]LogPlayLevel: PlayLevel: No blueprints needed recompiling
[2018.10.14-08.53.04:717][ 26]PIE: New page: PIE session: FirstPersonExampleMap (14 paź 2018, 12:53:04)
[2018.10.14-08.53.04:718][ 26]LogPlayLevel: Creating play world package: /Game/FirstPersonBP/Maps/UEDPIE_0_FirstPersonExampleMap
[2018.10.14-08.53.04:763][ 26]LogPlayLevel: PIE: StaticDuplicateObject took: (0.045372s)
[2018.10.14-08.53.04:764][ 26]LogAIModule: Creating AISystem for world FirstPersonExampleMap
[2018.10.14-08.53.04:765][ 26]LogPlayLevel: PIE: World Init took: (0.001476s)
[2018.10.14-08.53.04:765][ 26]LogPlayLevel: PIE: Created PIE world by copying editor world from /Game/FirstPersonBP/Maps/FirstPersonExampleMap.FirstPersonExampleMap to /Game/FirstPersonBP/Maps/UEDPIE_0_FirstPersonExampleMap.FirstPersonExampleMap (0.047065s)
[2018.10.14-08.53.04:796][ 26]LogInit: XAudio2 using 'Głośniki / Słuchawki (Realtek Audio)' : 2 channels at 48 kHz using 32 bits per sample (channel mask 0x3)
[2018.10.14-08.53.04:882][ 26]LogInit: FAudioDevice initialized.
[2018.10.14-08.53.04:926][ 26]LogLoad: Game class is 'FirstPersonGameMode_C'
[2018.10.14-08.53.04:940][ 26]LogWorld: Bringing World /Game/FirstPersonBP/Maps/UEDPIE_0_FirstPersonExampleMap.FirstPersonExampleMap up for play (max tick rate 60) at 2018.10.14-10.53.04
[2018.10.14-08.53.04:945][ 26]LogWorld: Bringing up level for play took: 0.011890
[2018.10.14-08.53.04:981][ 26]LogContentBrowser: Native class hierarchy updated for 'MovieSceneCapture' in 0.0007 seconds. Added 10 classes and 0 folders.
[2018.10.14-08.53.04:984][ 26]PIE: Play in editor start time for /Game/FirstPersonBP/Maps/UEDPIE_0_FirstPersonExampleMap -0,701
[2018.10.14-08.53.04:984][ 26]LogBlueprintUserMessages: Late PlayInEditor Detection: Level '/Game/FirstPersonBP/Maps/FirstPersonExampleMap.FirstPersonExampleMap:PersistentLevel' has LevelScriptBlueprint '/Game/FirstPersonBP/Maps/FirstPersonExampleMap.FirstPersonExampleMap:PersistentLevel.FirstPersonExampleMap' with GeneratedClass '/Game/FirstPersonBP/Maps/FirstPersonExampleMap.FirstPersonExampleMap_C' with ClassGeneratedBy '/Game/FirstPersonBP/Maps/FirstPersonExampleMap.FirstPersonExampleMap:PersistentLevel.FirstPersonExampleMap'
[2018.10.14-08.53.23:412][128]LogBlueprintUserMessages: Early EndPlayMap Detection: Level '/Game/FirstPersonBP/Maps/FirstPersonExampleMap.FirstPersonExampleMap:PersistentLevel' has LevelScriptBlueprint '/Game/FirstPersonBP/Maps/FirstPersonExampleMap.FirstPersonExampleMap:PersistentLevel.FirstPersonExampleMap' with GeneratedClass '/Game/FirstPersonBP/Maps/FirstPersonExampleMap.FirstPersonExampleMap_C' with ClassGeneratedBy '/Game/FirstPersonBP/Maps/FirstPersonExampleMap.FirstPersonExampleMap:PersistentLevel.FirstPersonExampleMap'
[2018.10.14-08.53.23:416][128]LogSlate: Updating window title bar state: overlay mode, drag disabled, window buttons hidden, title bar hidden
[2018.10.14-08.53.23:457][128]LogPlayLevel: Display: Shutting down PIE online subsystems
[2018.10.14-08.53.23:457][128]LogBlueprintUserMessages: Late EndPlayMap Detection: Level '/Game/FirstPersonBP/Maps/FirstPersonExampleMap.FirstPersonExampleMap:PersistentLevel' has LevelScriptBlueprint '/Game/FirstPersonBP/Maps/FirstPersonExampleMap.FirstPersonExampleMap:PersistentLevel.FirstPersonExampleMap' with GeneratedClass '/Game/FirstPersonBP/Maps/FirstPersonExampleMap.FirstPersonExampleMap_C' with ClassGeneratedBy '/Game/FirstPersonBP/Maps/FirstPersonExampleMap.FirstPersonExampleMap:PersistentLevel.FirstPersonExampleMap'
[2018.10.14-08.53.23:485][128]LogSlate: Updating window title bar state: overlay mode, drag disabled, window buttons hidden, title bar hidden
[2018.10.14-08.53.23:514][129]LogPlayLevel: Display: Destroying online subsystem :Context_2
[2018.10.14-08.53.25:766][261]LogSlate: FSceneViewport::OnFocusLost() reason 0
[2018.10.14-08.53.41:129][178]LogSlate: FSceneViewport::OnFocusLost() reason 0
[2018.10.14-08.54.15:068][135]LogSlate: FSceneViewport::OnFocusLost() reason 0
[2018.10.14-08.54.17:674][291]LogTemp: Repeating last play command: Selected Viewport
[2018.10.14-08.54.17:687][291]LogBlueprintUserMessages: Early PlayInEditor Detection: Level '/Game/FirstPersonBP/Maps/FirstPersonExampleMap.FirstPersonExampleMap:PersistentLevel' has LevelScriptBlueprint '/Game/FirstPersonBP/Maps/FirstPersonExampleMap.FirstPersonExampleMap:PersistentLevel.FirstPersonExampleMap' with GeneratedClass '/Game/FirstPersonBP/Maps/FirstPersonExampleMap.FirstPersonExampleMap_C' with ClassGeneratedBy '/Game/FirstPersonBP/Maps/FirstPersonExampleMap.FirstPersonExampleMap:PersistentLevel.FirstPersonExampleMap'
[2018.10.14-08.54.17:687][291]LogPlayLevel: PlayLevel: No blueprints needed recompiling
[2018.10.14-08.54.17:688][291]PIE: New page: PIE session: FirstPersonExampleMap (14 paź 2018, 12:54:17)
[2018.10.14-08.54.17:689][291]LogPlayLevel: Creating play world package: /Game/FirstPersonBP/Maps/UEDPIE_0_FirstPersonExampleMap
[2018.10.14-08.54.17:734][291]LogPlayLevel: PIE: StaticDuplicateObject took: (0.045404s)
[2018.10.14-08.54.17:735][291]LogAIModule: Creating AISystem for world FirstPersonExampleMap
[2018.10.14-08.54.17:735][291]LogPlayLevel: PIE: World Init took: (0.001113s)
[2018.10.14-08.54.17:735][291]LogPlayLevel: PIE: Created PIE world by copying editor world from /Game/FirstPersonBP/Maps/FirstPersonExampleMap.FirstPersonExampleMap to /Game/FirstPersonBP/Maps/UEDPIE_0_FirstPersonExampleMap.FirstPersonExampleMap (0.046805s)
[2018.10.14-08.54.17:764][291]LogInit: XAudio2 using 'Głośniki / Słuchawki (Realtek Audio)' : 2 channels at 48 kHz using 32 bits per sample (channel mask 0x3)
[2018.10.14-08.54.17:851][291]LogInit: FAudioDevice initialized.
[2018.10.14-08.54.17:891][291]LogLoad: Game class is 'FirstPersonGameMode_C'
[2018.10.14-08.54.17:897][291]LogWorld: Bringing World /Game/FirstPersonBP/Maps/UEDPIE_0_FirstPersonExampleMap.FirstPersonExampleMap up for play (max tick rate 60) at 2018.10.14-10.54.17
[2018.10.14-08.54.17:897][291]LogWorld: Bringing up level for play took: 0.004695
[2018.10.14-08.54.17:909][291]PIE: Play in editor start time for /Game/FirstPersonBP/Maps/UEDPIE_0_FirstPersonExampleMap 0,225
[2018.10.14-08.54.17:910][291]LogBlueprintUserMessages: Late PlayInEditor Detection: Level '/Game/FirstPersonBP/Maps/FirstPersonExampleMap.FirstPersonExampleMap:PersistentLevel' has LevelScriptBlueprint '/Game/FirstPersonBP/Maps/FirstPersonExampleMap.FirstPersonExampleMap:PersistentLevel.FirstPersonExampleMap' with GeneratedClass '/Game/FirstPersonBP/Maps/FirstPersonExampleMap.FirstPersonExampleMap_C' with ClassGeneratedBy '/Game/FirstPersonBP/Maps/FirstPersonExampleMap.FirstPersonExampleMap:PersistentLevel.FirstPersonExampleMap'
[2018.10.14-08.54.26:286][792]LogBlueprintUserMessages: Early EndPlayMap Detection: Level '/Game/FirstPersonBP/Maps/FirstPersonExampleMap.FirstPersonExampleMap:PersistentLevel' has LevelScriptBlueprint '/Game/FirstPersonBP/Maps/FirstPersonExampleMap.FirstPersonExampleMap:PersistentLevel.FirstPersonExampleMap' with GeneratedClass '/Game/FirstPersonBP/Maps/FirstPersonExampleMap.FirstPersonExampleMap_C' with ClassGeneratedBy '/Game/FirstPersonBP/Maps/FirstPersonExampleMap.FirstPersonExampleMap:PersistentLevel.FirstPersonExampleMap'
[2018.10.14-08.54.26:286][792]LogSlate: Updating window title bar state: overlay mode, drag disabled, window buttons hidden, title bar hidden
[2018.10.14-08.54.26:328][792]LogPlayLevel: Display: Shutting down PIE online subsystems
[2018.10.14-08.54.26:329][792]LogBlueprintUserMessages: Late EndPlayMap Detection: Level '/Game/FirstPersonBP/Maps/FirstPersonExampleMap.FirstPersonExampleMap:PersistentLevel' has LevelScriptBlueprint '/Game/FirstPersonBP/Maps/FirstPersonExampleMap.FirstPersonExampleMap:PersistentLevel.FirstPersonExampleMap' with GeneratedClass '/Game/FirstPersonBP/Maps/FirstPersonExampleMap.FirstPersonExampleMap_C' with ClassGeneratedBy '/Game/FirstPersonBP/Maps/FirstPersonExampleMap.FirstPersonExampleMap:PersistentLevel.FirstPersonExampleMap'
[2018.10.14-08.54.26:359][792]LogSlate: Updating window title bar state: overlay mode, drag disabled, window buttons hidden, title bar hidden
[2018.10.14-08.54.26:386][793]LogPlayLevel: Display: Destroying online subsystem :Context_3
[2018.10.14-08.54.29:011][944]LogSlate: FSceneViewport::OnFocusLost() reason 0
[2018.10.14-08.57.05:613][273]LogSlate: FSceneViewport::OnFocusLost() reason 2
[2018.10.14-08.57.06:224][273]LogSavePackage: Moving '../../../../../../Users/j.mazur2/Documents/Unreal Projects/MyProject/Saved/FirstPersonExampleMap_Auto1AFCE2F7F441DE242EC9DFFB258F97247.tmp' to '../../../../../../Users/j.mazur2/Documents/Unreal Projects/MyProject/Saved/Autosaves/Game/FirstPersonBP/Maps/FirstPersonExampleMap_Auto1.umap'
[2018.10.14-08.57.06:233][273]LogFileHelpers: Editor autosave (incl. sublevels) for '/Game/FirstPersonBP/Maps/FirstPersonExampleMap' took 0.598
[2018.10.14-08.57.06:233][273]LogFileHelpers: Editor autosave (incl. sublevels) for all levels took 0.598
[2018.10.14-09.01.56:834][586]LogSlate: FSceneViewport::OnFocusLost() reason 0
[2018.10.14-09.02.02:280][881]LogEditorViewport: Clicking on Actor (context menu): Landscape (Landscape)
[2018.10.14-09.02.02:358][881]LogSlate: FSceneViewport::OnFocusLost() reason 2
[2018.10.14-09.02.03:009][906]LogEditorViewport: Clicking on Actor (LMB): Landscape (Landscape)
[2018.10.14-09.02.03:485][930]LogEditorViewport: Clicking on Actor (LMB): Landscape (Landscape)
[2018.10.14-09.02.04:263][975]LogSlate: FSceneViewport::OnFocusLost() reason 0
[2018.10.14-09.02.18:226][784]LogSlate: FSceneViewport::OnFocusLost() reason 0
[2018.10.14-09.02.27:570][335]LogSlate: FSceneViewport::OnFocusLost() reason 0
[2018.10.14-09.03.14:294][ 99]LogEditorViewport: Clicking on Actor (LMB): Landscape (Landscape)
[2018.10.14-09.03.16:046][200]LogSlate: FSceneViewport::OnFocusLost() reason 0
[2018.10.14-09.05.35:471][462]LogSlate: FSceneViewport::OnFocusLost() reason 0
[2018.10.14-09.06.06:929][294]LogEditorViewport: Clicking on Actor (LMB): Landscape (Landscape)
[2018.10.14-09.06.07:971][351]LogEditorViewport: Clicking on Actor (LMB): Landscape (Landscape)
[2018.10.14-09.06.08:803][399]LogSlate: FSceneViewport::OnFocusLost() reason 0
[2018.10.14-09.07.36:614][630]LogSlate: FSceneViewport::OnFocusLost() reason 0
[2018.10.14-09.07.42:731][992]LogSlate: FSceneViewport::OnFocusLost() reason 2
[2018.10.14-09.07.43:522][992]LogSavePackage: Moving '../../../../../../Users/j.mazur2/Documents/Unreal Projects/MyProject/Saved/FirstPersonExampleMap_Auto29A653597466CEB99EFEB9A887ED51382.tmp' to '../../../../../../Users/j.mazur2/Documents/Unreal Projects/MyProject/Saved/Autosaves/Game/FirstPersonBP/Maps/FirstPersonExampleMap_Auto2.umap'
[2018.10.14-09.07.43:531][992]LogFileHelpers: Editor autosave (incl. sublevels) for '/Game/FirstPersonBP/Maps/FirstPersonExampleMap' took 0.768
[2018.10.14-09.07.43:531][992]LogFileHelpers: Editor autosave (incl. sublevels) for all levels took 0.768
[2018.10.14-09.08.03:389][178]LogEditorViewport: Clicking on Actor (LMB): Landscape (Landscape)
[2018.10.14-09.08.19:589][130]LogEditorViewport: Clicking on Actor (LMB): PointLight (PointLight)
[2018.10.14-09.08.29:235][696]LogSlate: FSceneViewport::OnFocusLost() reason 0
[2018.10.14-09.08.36:553][124]LogSlate: Took 0.003004 seconds to synchronously load lazily loaded font '../../../Engine/Content/Slate/Fonts/Roboto-Italic.ttf' (157K)
[2018.10.14-09.08.37:369][173]LogSlate: FSceneViewport::OnFocusLost() reason 0
[2018.10.14-09.08.57:230][360]LogSlate: Window 'Color Picker' being destroyed
[2018.10.14-09.09.05:290][833]LogEditorViewport: Clicking on Actor (LMB): PointLight (PointLight2)
[2018.10.14-09.09.35:182][581]LogSlate: FSceneViewport::OnFocusLost() reason 0
[2018.10.14-09.09.35:265][586]LogTemp: Repeating last play command: Selected Viewport
[2018.10.14-09.09.35:282][586]LogBlueprintUserMessages: Early PlayInEditor Detection: Level '/Game/FirstPersonBP/Maps/FirstPersonExampleMap.FirstPersonExampleMap:PersistentLevel' has LevelScriptBlueprint '/Game/FirstPersonBP/Maps/FirstPersonExampleMap.FirstPersonExampleMap:PersistentLevel.FirstPersonExampleMap' with GeneratedClass '/Game/FirstPersonBP/Maps/FirstPersonExampleMap.FirstPersonExampleMap_C' with ClassGeneratedBy '/Game/FirstPersonBP/Maps/FirstPersonExampleMap.FirstPersonExampleMap:PersistentLevel.FirstPersonExampleMap'
[2018.10.14-09.09.35:283][586]LogPlayLevel: PlayLevel: No blueprints needed recompiling
[2018.10.14-09.09.35:287][586]PIE: New page: PIE session: FirstPersonExampleMap (14 paź 2018, 13:09:35)
[2018.10.14-09.09.35:287][586]LogPlayLevel: Creating play world package: /Game/FirstPersonBP/Maps/UEDPIE_0_FirstPersonExampleMap
[2018.10.14-09.09.35:367][586]LogPlayLevel: PIE: StaticDuplicateObject took: (0.079918s)
[2018.10.14-09.09.35:369][586]LogAIModule: Creating AISystem for world FirstPersonExampleMap
[2018.10.14-09.09.35:370][586]LogPlayLevel: PIE: World Init took: (0.002404s)
[2018.10.14-09.09.35:370][586]LogPlayLevel: PIE: Created PIE world by copying editor world from /Game/FirstPersonBP/Maps/FirstPersonExampleMap.FirstPersonExampleMap to /Game/FirstPersonBP/Maps/UEDPIE_0_FirstPersonExampleMap.FirstPersonExampleMap (0.082984s)
[2018.10.14-09.09.35:402][586]LogInit: XAudio2 using 'Głośniki / Słuchawki (Realtek Audio)' : 2 channels at 48 kHz using 32 bits per sample (channel mask 0x3)
[2018.10.14-09.09.35:492][586]LogInit: FAudioDevice initialized.
[2018.10.14-09.09.35:525][586]LogLoad: Game class is 'FirstPersonGameMode_C'
[2018.10.14-09.09.35:535][586]LogWorld: Bringing World /Game/FirstPersonBP/Maps/UEDPIE_0_FirstPersonExampleMap.FirstPersonExampleMap up for play (max tick rate 60) at 2018.10.14-11.09.35
[2018.10.14-09.09.35:536][586]LogWorld: Bringing up level for play took: 0.008478
[2018.10.14-09.09.35:550][586]PIE: Play in editor start time for /Game/FirstPersonBP/Maps/UEDPIE_0_FirstPersonExampleMap -0,137
[2018.10.14-09.09.35:551][586]LogBlueprintUserMessages: Late PlayInEditor Detection: Level '/Game/FirstPersonBP/Maps/FirstPersonExampleMap.FirstPersonExampleMap:PersistentLevel' has LevelScriptBlueprint '/Game/FirstPersonBP/Maps/FirstPersonExampleMap.FirstPersonExampleMap:PersistentLevel.FirstPersonExampleMap' with GeneratedClass '/Game/FirstPersonBP/Maps/FirstPersonExampleMap.FirstPersonExampleMap_C' with ClassGeneratedBy '/Game/FirstPersonBP/Maps/FirstPersonExampleMap.FirstPersonExampleMap:PersistentLevel.FirstPersonExampleMap'
[2018.10.14-09.09.55:026][746]LogSpawn: Warning: SpawnActor failed because of collision at the spawn location [X=713.587 Y=1038.694 Z=232.540] for [FirstPersonProjectile_C]
[2018.10.14-09.12.20:926][486]LogBlueprintUserMessages: Early EndPlayMap Detection: Level '/Game/FirstPersonBP/Maps/FirstPersonExampleMap.FirstPersonExampleMap:PersistentLevel' has LevelScriptBlueprint '/Game/FirstPersonBP/Maps/FirstPersonExampleMap.FirstPersonExampleMap:PersistentLevel.FirstPersonExampleMap' with GeneratedClass '/Game/FirstPersonBP/Maps/FirstPersonExampleMap.FirstPersonExampleMap_C' with ClassGeneratedBy '/Game/FirstPersonBP/Maps/FirstPersonExampleMap.FirstPersonExampleMap:PersistentLevel.FirstPersonExampleMap'
[2018.10.14-09.12.20:926][486]LogSlate: Updating window title bar state: overlay mode, drag disabled, window buttons hidden, title bar hidden
[2018.10.14-09.12.20:964][486]LogPlayLevel: Display: Shutting down PIE online subsystems
[2018.10.14-09.12.20:965][486]LogBlueprintUserMessages: Late EndPlayMap Detection: Level '/Game/FirstPersonBP/Maps/FirstPersonExampleMap.FirstPersonExampleMap:PersistentLevel' has LevelScriptBlueprint '/Game/FirstPersonBP/Maps/FirstPersonExampleMap.FirstPersonExampleMap:PersistentLevel.FirstPersonExampleMap' with GeneratedClass '/Game/FirstPersonBP/Maps/FirstPersonExampleMap.FirstPersonExampleMap_C' with ClassGeneratedBy '/Game/FirstPersonBP/Maps/FirstPersonExampleMap.FirstPersonExampleMap:PersistentLevel.FirstPersonExampleMap'
[2018.10.14-09.12.21:002][486]LogSlate: Updating window title bar state: overlay mode, drag disabled, window buttons hidden, title bar hidden
[2018.10.14-09.12.21:035][487]LogPlayLevel: Display: Destroying online subsystem :Context_4
[2018.10.14-09.12.21:335][505]Cmd: SELECT NONE
[2018.10.14-09.12.22:200][555]LogSlate: FSceneViewport::OnFocusLost() reason 2
[2018.10.14-09.12.22:783][555]LogSavePackage: Moving '../../../../../../Users/j.mazur2/Documents/Unreal Projects/MyProject/Saved/FirstPersonExampleMap03D95940416F0C4693F3BBB0971E8DD5.tmp' to '../../../../../../Users/j.mazur2/Documents/Unreal Projects/MyProject/Content/FirstPersonBP/Maps/FirstPersonExampleMap.umap'
[2018.10.14-09.12.23:285][555]LogSavePackage: Moving '../../../../../../Users/j.mazur2/Documents/Unreal Projects/MyProject/Saved/FirstPersonExampleMap_BuiltData0ED3123647A2C4AEB0BF2D83CBFCF694.tmp' to '../../../../../../Users/j.mazur2/Documents/Unreal Projects/MyProject/Content/FirstPersonBP/Maps/FirstPersonExampleMap_BuiltData.uasset'
[2018.10.14-09.13.08:904][286]LogSlate: FSceneViewport::OnFocusLost() reason 2
[2018.10.14-09.13.09:363][286]LogSavePackage: Moving '../../../../../../Users/j.mazur2/Documents/Unreal Projects/MyProject/Saved/FirstPersonExampleMap7C80CE4740A47C22C7FD13827BE32F28.tmp' to '../../../../../../Users/j.mazur2/Documents/Unreal Projects/MyProject/Content/FirstPersonBP/Maps/FirstPersonExampleMap.umap'
[2018.10.14-09.13.09:609][286]LogSavePackage: Moving '../../../../../../Users/j.mazur2/Documents/Unreal Projects/MyProject/Saved/FirstPersonExampleMap_BuiltData6F3676BE4679EEA8BAAA5AB8E937614E.tmp' to '../../../../../../Users/j.mazur2/Documents/Unreal Projects/MyProject/Content/FirstPersonBP/Maps/FirstPersonExampleMap_BuiltData.uasset'
[2018.10.14-09.14.17:304][342]LogSlate: FSceneViewport::OnFocusLost() reason 0
[2018.10.14-09.14.47:383][124]LogSlate: FSceneViewport::OnFocusLost() reason 0
[2018.10.14-09.14.48:524][192]LogEditorActor: Deleted Actor: AtmosphericFog
[2018.10.14-09.14.48:551][192]LogEditorActor: Deleted 1 Actors (0.035 secs)
[2018.10.14-09.15.15:124][461]LogSlate: FSceneViewport::OnFocusLost() reason 0
[2018.10.14-09.15.39:185][703]LogSavePackage: Moving '../../../../../../Users/j.mazur2/Documents/Unreal Projects/MyProject/Saved/FirstPersonExampleMap0521C772445CE75667DB1CAD2659035C.tmp' to '../../../../../../Users/j.mazur2/Documents/Unreal Projects/MyProject/Content/FirstPersonBP/Maps/FirstPersonExampleMap.umap'
[2018.10.14-09.15.39:424][703]LogSavePackage: Moving '../../../../../../Users/j.mazur2/Documents/Unreal Projects/MyProject/Saved/FirstPersonExampleMap_BuiltData5E25FDDF4C4066B1506E48A83F9579D7.tmp' to '../../../../../../Users/j.mazur2/Documents/Unreal Projects/MyProject/Content/FirstPersonBP/Maps/FirstPersonExampleMap_BuiltData.uasset'
[2018.10.14-09.15.40:564][770]LogSlate: FSceneViewport::OnFocusLost() reason 0
[2018.10.14-09.15.40:736][775]LogSlate: Window 'MyProject - Unreal Editor' being destroyed
[2018.10.14-09.15.41:015][776]Cmd: QUIT_EDITOR
[2018.10.14-09.15.41:418][776]LogWindowsTextInputMethodSystem: Display: IME system now deactivated.
[2018.10.14-09.15.41:450][776]LogExit: Preparing to exit.
[2018.10.14-09.15.42:560][776]LogExit: Editor shut down
[2018.10.14-09.15.42:561][776]LogExit: Transaction tracking system shut down
[2018.10.14-09.15.43:074][776]LogExit: Object subsystem successfully closed.
[2018.10.14-09.15.43:120][776]LogShaderCompilers: Display: Shaders left to compile 0
[2018.10.14-09.15.43:125][776]LogD3D11RHI: Shutdown
[2018.10.14-09.15.43:125][776]LogD3D11RHI: CleanupD3DDevice
[2018.10.14-09.15.43:137][776]LogD3D11RHI: ~FD3D11DynamicRHI
[2018.10.14-09.15.43:289][776]LogModuleManager: Shutting down and abandoning module MovieSceneCapture (614)
[2018.10.14-09.15.43:289][776]LogModuleManager: Shutting down and abandoning module Voice (612)
[2018.10.14-09.15.43:289][776]LogModuleManager: Shutting down and abandoning module HierarchicalLODOutliner (610)
[2018.10.14-09.15.43:289][776]LogModuleManager: Shutting down and abandoning module SceneOutliner (608)
[2018.10.14-09.15.43:289][776]LogModuleManager: Shutting down and abandoning module AddContentDialog (606)
[2018.10.14-09.15.43:293][776]LogModuleManager: Shutting down and abandoning module WidgetCarousel (605)
[2018.10.14-09.15.43:293][776]LogModuleManager: Shutting down and abandoning module EditorWidgets (602)
[2018.10.14-09.15.43:293][776]LogModuleManager: Shutting down and abandoning module CollectionManager (600)
[2018.10.14-09.15.43:297][776]LogModuleManager: Shutting down and abandoning module StatsViewer (598)
[2018.10.14-09.15.43:299][776]LogModuleManager: Shutting down and abandoning module FoliageEdit (596)
[2018.10.14-09.15.43:300][776]LogModuleManager: Shutting down and abandoning module LandscapeEditor (594)
[2018.10.14-09.15.43:302][776]LogModuleManager: Shutting down and abandoning module MeshPaintMode (592)
[2018.10.14-09.15.43:302][776]LogModuleManager: Shutting down and abandoning module SceneDepthPickerMode (590)
[2018.10.14-09.15.43:302][776]LogModuleManager: Shutting down and abandoning module ActorPickerMode (588)
[2018.10.14-09.15.43:302][776]LogModuleManager: Shutting down and abandoning module GeometryMode (586)
[2018.10.14-09.15.43:302][776]LogModuleManager: Shutting down and abandoning module TextureAlignMode (584)
[2018.10.14-09.15.43:302][776]LogModuleManager: Shutting down and abandoning module BspMode (582)
[2018.10.14-09.15.43:302][776]LogModuleManager: Shutting down and abandoning module PIEPreviewDeviceProfileSelector (580)
[2018.10.14-09.15.43:302][776]LogModuleManager: Shutting down and abandoning module SequenceRecorderSections (578)
[2018.10.14-09.15.43:303][776]LogModuleManager: Shutting down and abandoning module AutomationWorker (576)
[2018.10.14-09.15.43:303][776]LogModuleManager: Shutting down and abandoning module AudioCaptureEditor (574)
[2018.10.14-09.15.43:303][776]LogModuleManager: Shutting down and abandoning module SequenceRecorder (573)
[2018.10.14-09.15.43:303][776]LogModuleManager: Shutting down and abandoning module MatineeToLevelSequence (570)
[2018.10.14-09.15.43:303][776]LogModuleManager: Shutting down and abandoning module LevelSequenceEditor (568)
[2018.10.14-09.15.43:305][776]LogModuleManager: Shutting down and abandoning module PlacementMode (567)
[2018.10.14-09.15.43:305][776]LogModuleManager: Shutting down and abandoning module MaterialEditor (566)
[2018.10.14-09.15.43:306][776]LogModuleManager: Shutting down and abandoning module WmfMediaFactory (562)
[2018.10.14-09.15.43:306][776]LogModuleManager: Shutting down and abandoning module WmfMediaEditor (560)
[2018.10.14-09.15.43:306][776]LogModuleManager: Shutting down and abandoning module MediaPlayerEditor (558)
[2018.10.14-09.15.43:308][776]LogModuleManager: Shutting down and abandoning module OpenExrWrapper (556)
[2018.10.14-09.15.43:308][776]LogModuleManager: Shutting down and abandoning module ImgMediaFactory (554)
[2018.10.14-09.15.43:308][776]LogModuleManager: Shutting down and abandoning module ImgMediaEditor (552)
[2018.10.14-09.15.43:308][776]LogModuleManager: Shutting down and abandoning module AvfMediaFactory (550)
[2018.10.14-09.15.43:308][776]LogModuleManager: Shutting down and abandoning module AvfMediaEditor (548)
[2018.10.14-09.15.43:308][776]LogModuleManager: Shutting down and abandoning module AndroidMediaFactory (546)
[2018.10.14-09.15.43:308][776]LogModuleManager: Shutting down and abandoning module AndroidMediaEditor (544)
[2018.10.14-09.15.43:308][776]LogModuleManager: Shutting down and abandoning module MagicLeapCameraPreviewFactory (542)
[2018.10.14-09.15.43:308][776]LogModuleManager: Shutting down and abandoning module MagicLeapMediaFactory (540)
[2018.10.14-09.15.43:308][776]LogModuleManager: Shutting down and abandoning module MagicLeapMediaEditor (538)
[2018.10.14-09.15.43:308][776]LogModuleManager: Shutting down and abandoning module CharacterAI (536)
[2018.10.14-09.15.43:308][776]LogModuleManager: Shutting down and abandoning module SmartSnapping (534)
[2018.10.14-09.15.43:308][776]LogModuleManager: Shutting down and abandoning module SessionServices (532)
[2018.10.14-09.15.43:308][776]LogModuleManager: Shutting down and abandoning module ViewportSnapping (530)
[2018.10.14-09.15.43:308][776]LogModuleManager: Shutting down and abandoning module ViewportInteraction (528)
[2018.10.14-09.15.43:308][776]LogModuleManager: Shutting down and abandoning module ClothPainter (526)
[2018.10.14-09.15.43:309][776]LogModuleManager: Shutting down and abandoning module SkeletalMeshEditor (525)
[2018.10.14-09.15.43:310][776]LogModuleManager: Shutting down and abandoning module LogVisualizer (522)
[2018.10.14-09.15.43:313][776]LogModuleManager: Shutting down and abandoning module IntroTutorials (520)
[2018.10.14-09.15.43:316][776]LogModuleManager: Shutting down and abandoning module GameProjectGeneration (519)
[2018.10.14-09.15.43:316][776]LogModuleManager: Shutting down and abandoning module LuminPlatformEditor (516)
[2018.10.14-09.15.43:316][776]LogModuleManager: Shutting down and abandoning module IOSPlatformEditor (514)
[2018.10.14-09.15.43:317][776]LogModuleManager: Shutting down and abandoning module HTML5PlatformEditor (512)
[2018.10.14-09.15.43:317][776]LogModuleManager: Shutting down and abandoning module AndroidPlatformEditor (510)
[2018.10.14-09.15.43:317][776]LogModuleManager: Shutting down and abandoning module AndroidDeviceDetection (509)
[2018.10.14-09.15.45:018][776]LogModuleManager: Shutting down and abandoning module WindowsPlatformEditor (506)
[2018.10.14-09.15.45:018][776]LogModuleManager: Shutting down and abandoning module LuminRuntimeSettings (504)
[2018.10.14-09.15.45:018][776]LogModuleManager: Shutting down and abandoning module IOSRuntimeSettings (502)
[2018.10.14-09.15.45:018][776]LogModuleManager: Shutting down and abandoning module AndroidRuntimeSettings (500)
[2018.10.14-09.15.45:018][776]LogModuleManager: Shutting down and abandoning module InputBindingEditor (498)
[2018.10.14-09.15.45:019][776]LogModuleManager: Shutting down and abandoning module MergeActors (496)
[2018.10.14-09.15.45:020][776]LogModuleManager: Shutting down and abandoning module LocalizationDashboard (494)
[2018.10.14-09.15.45:021][776]LogModuleManager: Shutting down and abandoning module LocalizationService (493)
[2018.10.14-09.15.45:021][776]LogModuleManager: Shutting down and abandoning module HardwareTargeting (490)
[2018.10.14-09.15.45:021][776]LogModuleManager: Shutting down and abandoning module DeviceProfileEditor (488)
[2018.10.14-09.15.45:021][776]LogModuleManager: Shutting down and abandoning module UndoHistory (486)
[2018.10.14-09.15.45:022][776]LogModuleManager: Shutting down and abandoning module XmlParser (484)
[2018.10.14-09.15.45:022][776]LogModuleManager: Shutting down and abandoning module Blutility (482)
[2018.10.14-09.15.45:023][776]LogModuleManager: Shutting down and abandoning module ProjectSettingsViewer (480)
[2018.10.14-09.15.45:023][776]LogModuleManager: Shutting down and abandoning module ProjectTargetPlatformEditor (479)
[2018.10.14-09.15.45:023][776]LogModuleManager: Shutting down and abandoning module EditorSettingsViewer (476)
[2018.10.14-09.15.45:023][776]LogModuleManager: Shutting down and abandoning module SettingsEditor (474)
[2018.10.14-09.15.45:025][776]LogModuleManager: Shutting down and abandoning module ProjectLauncher (472)
[2018.10.14-09.15.45:026][776]LogModuleManager: Shutting down and abandoning module SessionFrontend (470)
[2018.10.14-09.15.45:027][776]LogModuleManager: Shutting down and abandoning module ProfilerClient (468)
[2018.10.14-09.15.45:027][776]LogModuleManager: Shutting down and abandoning module DeviceManager (466)
[2018.10.14-09.15.45:028][776]LogModuleManager: Shutting down and abandoning module TargetDeviceServices (465)
[2018.10.14-09.15.45:091][776]LogModuleManager: Shutting down and abandoning module AutomationController (462)
[2018.10.14-09.15.45:094][776]LogModuleManager: Shutting down and abandoning module AutomationWindow (460)
[2018.10.14-09.15.45:095][776]LogModuleManager: Shutting down and abandoning module Layers (458)
[2018.10.14-09.15.45:098][776]LogModuleManager: Shutting down and abandoning module ComponentVisualizers (456)
[2018.10.14-09.15.45:098][776]LogModuleManager: Shutting down and abandoning module DetailCustomizations (454)
[2018.10.14-09.15.45:098][776]LogModuleManager: Shutting down and abandoning module PackagesDialog (452)
[2018.10.14-09.15.45:098][776]LogModuleManager: Shutting down and abandoning module Persona (450)
[2018.10.14-09.15.45:100][776]LogModuleManager: Shutting down and abandoning module AdvancedPreviewScene (449)
[2018.10.14-09.15.45:100][776]LogModuleManager: Shutting down and abandoning module AnimGraph (447)
[2018.10.14-09.15.45:100][776]LogModuleManager: Shutting down and abandoning module Kismet (444)
[2018.10.14-09.15.45:102][776]LogModuleManager: Shutting down and abandoning module GraphEditor (442)
[2018.10.14-09.15.45:105][776]LogModuleManager: Shutting down and abandoning module ClassViewer (440)
[2018.10.14-09.15.45:105][776]LogModuleManager: Shutting down and abandoning module Toolbox (438)
[2018.10.14-09.15.45:105][776]LogModuleManager: Shutting down and abandoning module ModuleUI (436)
[2018.10.14-09.15.45:105][776]LogModuleManager: Shutting down and abandoning module MovieSceneTools (434)
[2018.10.14-09.15.45:105][776]LogModuleManager: Shutting down and abandoning module OutputLog (432)
[2018.10.14-09.15.45:105][776]LogModuleManager: Shutting down and abandoning module GammaUI (430)
[2018.10.14-09.15.45:106][776]LogModuleManager: Shutting down and abandoning module Documentation (428)
[2018.10.14-09.15.45:106][776]LogModuleManager: Shutting down and abandoning module MovieSceneTracks (426)
[2018.10.14-09.15.45:106][776]LogModuleManager: Shutting down and abandoning module MovieScene (424)
[2018.10.14-09.15.45:107][776]LogModuleManager: Shutting down and abandoning module StreamingPauseRendering (422)
[2018.10.14-09.15.45:107][776]LogModuleManager: Shutting down and abandoning module LauncherPlatform (420)
[2018.10.14-09.15.45:107][776]LogModuleManager: Shutting down and abandoning module AnalyticsET (418)
[2018.10.14-09.15.45:107][776]LogModuleManager: Shutting down and abandoning module PortalServices (416)
[2018.10.14-09.15.45:107][776]LogModuleManager: Shutting down and abandoning module PortalRpc (414)
[2018.10.14-09.15.45:107][776]LogModuleManager: Shutting down and abandoning module MessagingRpc (412)
[2018.10.14-09.15.45:107][776]LogModuleManager: Shutting down and abandoning module AIModule (410)
[2018.10.14-09.15.45:108][776]LogModuleManager: Shutting down and abandoning module GameplayDebugger (409)
[2018.10.14-09.15.45:108][776]LogModuleManager: Shutting down and abandoning module AITestSuite (407)
[2018.10.14-09.15.45:108][776]LogModuleManager: Shutting down and abandoning module NavigationSystem (405)
[2018.10.14-09.15.45:108][776]LogModuleManager: Shutting down and abandoning module DesktopPlatform (402)
[2018.10.14-09.15.45:108][776]LogModuleManager: Shutting down and abandoning module ProfilerService (400)
[2018.10.14-09.15.45:185][776]LogModuleManager: Shutting down and abandoning module TaskGraph (398)
[2018.10.14-09.15.45:187][776]LogModuleManager: Shutting down and abandoning module SteamVRController (396)
[2018.10.14-09.15.45:187][776]LogModuleManager: Shutting down and abandoning module ProceduralMeshComponentEditor (394)
[2018.10.14-09.15.45:187][776]LogModuleManager: Shutting down and abandoning module ProceduralMeshComponent (392)
[2018.10.14-09.15.45:188][776]LogModuleManager: Shutting down and abandoning module OculusInput (390)
[2018.10.14-09.15.45:188][776]LogModuleManager: Shutting down and abandoning module MobilePatchingUtils (388)
[2018.10.14-09.15.45:189][776]LogModuleManager: Shutting down and abandoning module EditableMesh (386)
[2018.10.14-09.15.45:189][776]LogModuleManager: Shutting down and abandoning module CustomMeshComponent (384)
[2018.10.14-09.15.45:189][776]LogModuleManager: Shutting down and abandoning module CableComponent (382)
[2018.10.14-09.15.45:189][776]LogModuleManager: Shutting down and abandoning module AudioCapture (380)
[2018.10.14-09.15.45:189][776]LogModuleManager: Shutting down and abandoning module ArchVisCharacter (378)
[2018.10.14-09.15.45:189][776]LogModuleManager: Shutting down and abandoning module AndroidPermission (376)
[2018.10.14-09.15.45:189][776]LogModuleManager: Shutting down and abandoning module NUTUnrealEngine4 (374)
[2018.10.14-09.15.45:189][776]LogModuleManager: Shutting down and abandoning module NetcodeUnitTest (372)
[2018.10.14-09.15.45:193][776]LogModuleManager: Shutting down and abandoning module MediaCompositingEditor (370)
[2018.10.14-09.15.45:193][776]LogModuleManager: Shutting down and abandoning module MediaCompositing (368)
[2018.10.14-09.15.45:193][776]LogModuleManager: Shutting down and abandoning module LinearTimecode (366)
[2018.10.14-09.15.45:193][776]LogModuleManager: Shutting down and abandoning module ImgMedia (364)
[2018.10.14-09.15.45:197][776]LogModuleManager: Shutting down and abandoning module HTML5Networking (362)
[2018.10.14-09.15.45:197][776]LogModuleManager: Shutting down and abandoning module GeometryCacheTracks (360)
[2018.10.14-09.15.45:197][776]LogModuleManager: Shutting down and abandoning module GeometryCacheSequencer (358)
[2018.10.14-09.15.45:197][776]LogModuleManager: Shutting down and abandoning module BackChannel (356)
[2018.10.14-09.15.45:198][776]LogModuleManager: Shutting down and abandoning module AppleVision (354)
[2018.10.14-09.15.45:198][776]LogModuleManager: Shutting down and abandoning module AppleImageUtils (352)
[2018.10.14-09.15.45:198][776]LogModuleManager: Shutting down and abandoning module AlembicImporter (350)
[2018.10.14-09.15.45:198][776]LogModuleManager: Shutting down and abandoning module AlembicLibrary (349)
[2018.10.14-09.15.45:199][776]LogModuleManager: Shutting down and abandoning module GeometryCache (348)
[2018.10.14-09.15.45:199][776]LogModuleManager: Shutting down and abandoning module GeometryCacheEd (347)
[2018.10.14-09.15.45:199][776]LogModuleManager: Shutting down and abandoning module DatasmithContentEditor (342)
[2018.10.14-09.15.45:199][776]LogModuleManager: Shutting down and abandoning module DatasmithContent (340)
[2018.10.14-09.15.45:200][776]LogModuleManager: Shutting down and abandoning module SpeedTreeImporter (338)
[2018.10.14-09.15.45:200][776]LogModuleManager: Shutting down and abandoning module PluginBrowser (336)
[2018.10.14-09.15.45:202][776]LogModuleManager: Shutting down and abandoning module MobileLauncherProfileWizard (334)
[2018.10.14-09.15.45:203][776]LogModuleManager: Shutting down and abandoning module PolygonModeling (332)
[2018.10.14-09.15.45:203][776]LogModuleManager: Shutting down and abandoning module MeshEditor (330)
[2018.10.14-09.15.45:203][776]LogModuleManager: Shutting down and abandoning module CryptoKeysOpenSSL (328)
[2018.10.14-09.15.45:204][776]LogModuleManager: Shutting down and abandoning module CryptoKeys (326)
[2018.10.14-09.15.45:204][776]LogModuleManager: Shutting down and abandoning module VisualStudioSourceCodeAccess (324)
[2018.10.14-09.15.45:204][776]LogModuleManager: Shutting down and abandoning module VisualStudioCodeSourceCodeAccess (322)
[2018.10.14-09.15.45:204][776]LogModuleManager: Shutting down and abandoning module UObjectPlugin (320)
[2018.10.14-09.15.45:204][776]LogModuleManager: Shutting down and abandoning module SubversionSourceControl (318)
[2018.10.14-09.15.45:205][776]LogModuleManager: Shutting down and abandoning module PerforceSourceControl (316)
[2018.10.14-09.15.45:206][776]LogModuleManager: Shutting down and abandoning module GitSourceControl (314)
[2018.10.14-09.15.45:207][776]LogModuleManager: Shutting down and abandoning module SourceControl (313)
[2018.10.14-09.15.45:207][776]LogModuleManager: Shutting down and abandoning module CLionSourceCodeAccess (310)
[2018.10.14-09.15.45:207][776]LogModuleManager: Shutting down and abandoning module LightPropagationVolumeEditor (308)
[2018.10.14-09.15.45:207][776]LogModuleManager: Shutting down and abandoning module PaperTiledImporter (306)
[2018.10.14-09.15.45:207][776]LogModuleManager: Shutting down and abandoning module PaperSpriteSheetImporter (304)
[2018.10.14-09.15.45:207][776]LogModuleManager: Shutting down and abandoning module Paper2DEditor (302)
[2018.10.14-09.15.45:208][776]LogModuleManager: Shutting down and abandoning module MeshPaint (301)
[2018.10.14-09.15.45:209][776]LogModuleManager: Shutting down and abandoning module RuntimePhysXCooking (298)
[2018.10.14-09.15.45:209][776]LogModuleManager: Shutting down and abandoning module PhysXVehiclesEditor (296)
[2018.10.14-09.15.45:209][776]LogModuleManager: Shutting down and abandoning module PhysXVehicles (294)
[2018.10.14-09.15.45:209][776]LogModuleManager: Shutting down and abandoning module OculusEditor (292)
[2018.10.14-09.15.45:210][776]LogModuleManager: Shutting down and abandoning module LocationServicesBPLibrary (290)
[2018.10.14-09.15.45:210][776]LogModuleManager: Shutting down and abandoning module ImmediatePhysicsEditor (288)
[2018.10.14-09.15.45:210][776]LogModuleManager: Shutting down and abandoning module ImmediatePhysics (286)
[2018.10.14-09.15.45:210][776]LogModuleManager: Shutting down and abandoning module ActorSequence (284)
[2018.10.14-09.15.45:210][776]LogModuleManager: Shutting down and abandoning module UdpMessaging (282)
[2018.10.14-09.15.45:310][776]LogModuleManager: Shutting down and abandoning module TcpMessaging (280)
[2018.10.14-09.15.45:415][776]LogModuleManager: Shutting down and abandoning module MagicLeapAudio (278)
[2018.10.14-09.15.45:415][776]LogModuleManager: Shutting down and abandoning module GameplayTagsEditor (276)
[2018.10.14-09.15.45:418][776]LogModuleManager: Shutting down and abandoning module FacialAnimationEditor (274)
[2018.10.14-09.15.45:418][776]LogModuleManager: Shutting down and abandoning module FacialAnimation (272)
[2018.10.14-09.15.45:418][776]LogModuleManager: Shutting down and abandoning module DataValidation (270)
[2018.10.14-09.15.45:418][776]LogModuleManager: Shutting down and abandoning module AssetManagerEditor (268)
[2018.10.14-09.15.45:420][776]LogModuleManager: Shutting down and abandoning module LevelEditor (267)
[2018.10.14-09.15.45:423][776]LogModuleManager: Shutting down and abandoning module PixelInspectorModule (266)
[2018.10.14-09.15.45:424][776]LogModuleManager: Shutting down and abandoning module CommonMenuExtensions (264)
[2018.10.14-09.15.45:425][776]LogModuleManager: Shutting down and abandoning module MainFrame (262)
[2018.10.14-09.15.45:426][776]LogModuleManager: Shutting down and abandoning module HotReload (261)
[2018.10.14-09.15.45:427][776]LogModuleManager: Shutting down and abandoning module ContentBrowser (257)
[2018.10.14-09.15.45:428][776]LogModuleManager: Shutting down and abandoning module TreeMap (255)
[2018.10.14-09.15.45:429][776]LogModuleManager: Shutting down and abandoning module LightPropagationVolumeRuntime (252)
[2018.10.14-09.15.45:429][776]LogModuleManager: Shutting down and abandoning module AISupportModule (250)
[2018.10.14-09.15.45:429][776]LogModuleManager: Shutting down and abandoning module Paper2D (248)
[2018.10.14-09.15.45:429][776]LogModuleManager: Shutting down and abandoning module WindowsMoviePlayer (246)
[2018.10.14-09.15.45:431][776]LogModuleManager: Shutting down and abandoning module WmfMedia (244)
[2018.10.14-09.15.45:432][776]LogModuleManager: Shutting down and abandoning module Media (243)
[2018.10.14-09.15.45:439][776]LogModuleManager: Shutting down and abandoning module PacketHandler (240)
[2018.10.14-09.15.45:439][776]LogModuleManager: Shutting down and abandoning module ClothingSystemEditor (238)
[2018.10.14-09.15.45:439][776]LogModuleManager: Shutting down and abandoning module ClothingSystemRuntime (236)
[2018.10.14-09.15.45:440][776]LogModuleManager: Shutting down and abandoning module MediaAssets (234)
[2018.10.14-09.15.45:441][776]LogModuleManager: Shutting down and abandoning module Overlay (232)
[2018.10.14-09.15.45:441][776]LogModuleManager: Shutting down and abandoning module OverlayEditor (231)
[2018.10.14-09.15.45:441][776]LogModuleManager: Shutting down and abandoning module VREditor (228)
[2018.10.14-09.15.45:441][776]LogModuleManager: Shutting down and abandoning module StringTableEditor (226)
[2018.10.14-09.15.45:442][776]LogModuleManager: Shutting down and abandoning module GameplayTasksEditor (224)
[2018.10.14-09.15.45:442][776]LogModuleManager: Shutting down and abandoning module BehaviorTreeEditor (222)
[2018.10.14-09.15.45:445][776]LogModuleManager: Shutting down and abandoning module FunctionalTesting (220)
[2018.10.14-09.15.45:445][776]LogModuleManager: Shutting down and abandoning module CollisionAnalyzer (218)
[2018.10.14-09.15.45:447][776]LogModuleManager: Shutting down and abandoning module WorkspaceMenuStructure (217)
[2018.10.14-09.15.45:447][776]LogModuleManager: Shutting down and abandoning module UMG (214)
[2018.10.14-09.15.45:447][776]LogModuleManager: Shutting down and abandoning module UMGEditor (213)
[2018.10.14-09.15.45:449][776]LogModuleManager: Shutting down and abandoning module Sequencer (212)
[2018.10.14-09.15.45:452][776]LogModuleManager: Shutting down and abandoning module MessageLog (209)
[2018.10.14-09.15.45:452][776]LogModuleManager: Shutting down and abandoning module SlateReflector (204)
[2018.10.14-09.15.45:454][776]LogModuleManager: Shutting down and abandoning module Slate (202)
[2018.10.14-09.15.45:454][776]LogModuleManager: Shutting down and abandoning module EditorStyle (200)
[2018.10.14-09.15.45:457][776]LogModuleManager: Shutting down and abandoning module MRMesh (198)
[2018.10.14-09.15.45:458][776]LogModuleManager: Shutting down and abandoning module SourceCodeAccess (196)
[2018.10.14-09.15.45:458][776]LogModuleManager: Shutting down and abandoning module HeadMountedDisplay (194)
[2018.10.14-09.15.45:458][776]LogModuleManager: Shutting down and abandoning module XAudio2 (192)
[2018.10.14-09.15.45:458][776]LogModuleManager: Shutting down and abandoning module Networking (190)
[2018.10.14-09.15.45:458][776]LogModuleManager: Shutting down and abandoning module Core (188)
[2018.10.14-09.15.45:458][776]LogModuleManager: Shutting down and abandoning module LevelSequence (186)
[2018.10.14-09.15.45:458][776]LogModuleManager: Shutting down and abandoning module KismetCompiler (184)
[2018.10.14-09.15.45:458][776]LogModuleManager: Shutting down and abandoning module MeshUtilities (182)
[2018.10.14-09.15.45:460][776]LogModuleManager: Shutting down and abandoning module MeshMergeUtilities (181)
[2018.10.14-09.15.45:461][776]LogModuleManager: Shutting down and abandoning module MeshReductionInterface (180)
[2018.10.14-09.15.45:461][776]LogModuleManager: Shutting down and abandoning module SimplygonSwarm (179)
[2018.10.14-09.15.45:462][776]LogModuleManager: Shutting down and abandoning module ProxyLODMeshReduction (177)
[2018.10.14-09.15.45:463][776]LogModuleManager: Shutting down and abandoning module SimplygonMeshReduction (175)
[2018.10.14-09.15.45:463][776]LogModuleManager: Shutting down and abandoning module QuadricMeshReduction (173)
[2018.10.14-09.15.45:464][776]LogModuleManager: Shutting down and abandoning module MaterialBaking (169)
[2018.10.14-09.15.45:465][776]LogModuleManager: Shutting down and abandoning module DirectoryWatcher (165)
[2018.10.14-09.15.45:465][776]LogModuleManager: Shutting down and abandoning module DerivedDataCache (162)
[2018.10.14-09.15.45:566][776]LogDerivedDataCache: Shutdown
[2018.10.14-09.15.45:566][776]LogModuleManager: Shutting down and abandoning module XGEController (160)
[2018.10.14-09.15.45:569][776]LogModuleManager: Shutting down and abandoning module TargetPlatform (158)
[2018.10.14-09.15.45:569][776]LogModuleManager: Shutting down and abandoning module VulkanShaderFormat (157)
[2018.10.14-09.15.45:570][776]LogModuleManager: Shutting down and abandoning module ShaderFormatVectorVM (155)
[2018.10.14-09.15.45:570][776]LogModuleManager: Shutting down and abandoning module ShaderFormatOpenGL (153)
[2018.10.14-09.15.45:571][776]LogModuleManager: Shutting down and abandoning module ShaderFormatD3D (151)
[2018.10.14-09.15.45:571][776]LogModuleManager: Shutting down and abandoning module MetalShaderFormat (149)
[2018.10.14-09.15.45:572][776]LogModuleManager: Shutting down and abandoning module TextureFormatUncompressed (147)
[2018.10.14-09.15.45:572][776]LogModuleManager: Shutting down and abandoning module TextureFormatPVR (145)
[2018.10.14-09.15.45:572][776]LogModuleManager: Shutting down and abandoning module TextureFormatDXT (143)
[2018.10.14-09.15.45:573][776]LogModuleManager: Shutting down and abandoning module TextureFormatIntelISPCTexComp (141)
[2018.10.14-09.15.45:574][776]LogModuleManager: Shutting down and abandoning module TextureFormatASTC (139)
[2018.10.14-09.15.45:574][776]LogModuleManager: Shutting down and abandoning module ImageWrapper (138)
[2018.10.14-09.15.45:574][776]LogModuleManager: Shutting down and abandoning module TextureFormatAndroid (135)
[2018.10.14-09.15.45:574][776]LogModuleManager: Shutting down and abandoning module AudioFormatOpus (133)
[2018.10.14-09.15.45:574][776]LogModuleManager: Shutting down and abandoning module AudioFormatOgg (131)
[2018.10.14-09.15.45:574][776]LogModuleManager: Shutting down and abandoning module AudioFormatADPCM (129)
[2018.10.14-09.15.45:574][776]LogModuleManager: Shutting down and abandoning module LuminTargetPlatform (127)
[2018.10.14-09.15.45:574][776]LogModuleManager: Shutting down and abandoning module LinuxTargetPlatform (125)
[2018.10.14-09.15.45:574][776]LogModuleManager: Shutting down and abandoning module LinuxServerTargetPlatform (123)
[2018.10.14-09.15.45:574][776]LogModuleManager: Shutting down and abandoning module LinuxNoEditorTargetPlatform (121)
[2018.10.14-09.15.45:575][776]LogModuleManager: Shutting down and abandoning module LinuxClientTargetPlatform (119)
[2018.10.14-09.15.45:576][776]LogModuleManager: Shutting down and abandoning module TVOSTargetPlatform (117)
[2018.10.14-09.15.45:586][776]LogModuleManager: Shutting down and abandoning module Messaging (115)
[2018.10.14-09.15.45:587][776]LogModuleManager: Shutting down and abandoning module IOSTargetPlatform (113)
[2018.10.14-09.15.45:592][776]LogModuleManager: Shutting down and abandoning module HTML5TargetPlatform (111)
[2018.10.14-09.15.45:592][776]LogModuleManager: Shutting down and abandoning module AndroidTargetPlatform (109)
[2018.10.14-09.15.45:637][776]LogModuleManager: Shutting down and abandoning module WindowsTargetPlatform (107)
[2018.10.14-09.15.45:637][776]LogModuleManager: Shutting down and abandoning module WindowsServerTargetPlatform (105)
[2018.10.14-09.15.45:637][776]LogModuleManager: Shutting down and abandoning module WindowsNoEditorTargetPlatform (103)
[2018.10.14-09.15.45:637][776]LogModuleManager: Shutting down and abandoning module WindowsClientTargetPlatform (101)
[2018.10.14-09.15.45:638][776]LogModuleManager: Shutting down and abandoning module MacTargetPlatform (99)
[2018.10.14-09.15.45:638][776]LogModuleManager: Shutting down and abandoning module MacServerTargetPlatform (97)
[2018.10.14-09.15.45:638][776]LogModuleManager: Shutting down and abandoning module MacNoEditorTargetPlatform (95)
[2018.10.14-09.15.45:638][776]LogModuleManager: Shutting down and abandoning module MacClientTargetPlatform (93)
[2018.10.14-09.15.45:638][776]LogModuleManager: Shutting down and abandoning module AllDesktopTargetPlatform (91)
[2018.10.14-09.15.45:638][776]LogModuleManager: Shutting down and abandoning module InputCore (88)
[2018.10.14-09.15.45:638][776]LogModuleManager: Shutting down and abandoning module Settings (86)
[2018.10.14-09.15.45:638][776]LogModuleManager: Shutting down and abandoning module PhysXCooking (84)
[2018.10.14-09.15.45:638][776]LogModuleManager: Shutting down and abandoning module SteamVR (82)
[2018.10.14-09.15.45:638][776]LogModuleManager: Shutting down and abandoning module OculusHMD (80)
[2018.10.14-09.15.45:638][776]LogModuleManager: Shutting down and abandoning module ExampleDeviceProfileSelector (78)
[2018.10.14-09.15.45:639][776]LogModuleManager: Shutting down and abandoning module LauncherChunkInstaller (76)
[2018.10.14-09.15.45:639][776]LogModuleManager: Shutting down and abandoning module OnlineBlueprintSupport (74)
[2018.10.14-09.15.45:639][776]LogModuleManager: Shutting down and abandoning module OnlineSubsystem (70)
[2018.10.14-09.15.45:640][776]LogModuleManager: Shutting down and abandoning module XMPP (65)
[2018.10.14-09.15.45:643][776]LogModuleManager: Shutting down and abandoning module WebSockets (64)
[2018.10.14-09.15.45:653][776]LogModuleManager: Shutting down and abandoning module HTTP (61)
[2018.10.14-09.15.45:654][776]LogHttp: Display: Http module shutting down, but needs to wait on 1 outstanding Http requests:
[2018.10.14-09.15.45:654][776]LogHttp: Display: 	verb=[POST] url=[https://datarouter.ol.epicgames.com/datarouter/api/v1/public/data?SessionID=%7B36115137-4FAA-F7AE-FB2D-F4A9AB350162%7D&AppID=UEEditor.Rocket.Release&AppVersion=4.20.3-4369336%2B%2B%2BUE4%2BRelease-4.20&UserID=780344484b47b27d4bdcadb755949ca6%7Cb652a6d3b6b04ea59e424c965362baff%7Ce8403143-560c-4e06-ac60-9239d788504c&AppEnvironment=datacollector-binary&UploadType=eteventstream] status=Processing
[2018.10.14-09.15.45:662][776]LogModuleManager: Shutting down and abandoning module SSL (60)
[2018.10.14-09.15.45:664][776]LogModuleManager: Shutting down and abandoning module MagicLeapEmulator (56)
[2018.10.14-09.15.45:664][776]LogModuleManager: Shutting down and abandoning module MagicLeapPrivileges (54)
[2018.10.14-09.15.45:664][776]LogModuleManager: Shutting down and abandoning module MagicLeapIdentity (52)
[2018.10.14-09.15.45:664][776]LogModuleManager: Shutting down and abandoning module MagicLeapHelperVulkan (50)
[2018.10.14-09.15.45:664][776]LogModuleManager: Shutting down and abandoning module MagicLeapHelperOpenGL (48)
[2018.10.14-09.15.45:664][776]LogModuleManager: Shutting down and abandoning module MagicLeapSecureStorage (46)
[2018.10.14-09.15.45:664][776]LogModuleManager: Shutting down and abandoning module MagicLeapGestures (44)
[2018.10.14-09.15.45:664][776]LogModuleManager: Shutting down and abandoning module MagicLeapEyeTracker (42)
[2018.10.14-09.15.45:664][776]LogModuleManager: Shutting down and abandoning module MagicLeapController (40)
[2018.10.14-09.15.45:665][776]LogSlate: Slate User Destroyed.  User Index 0, Is Virtual User: 0
[2018.10.14-09.15.45:665][776]LogModuleManager: Shutting down and abandoning module MagicLeap (38)
[2018.10.14-09.15.45:665][776]LogModuleManager: Shutting down and abandoning module AnimationModifiers (36)
[2018.10.14-09.15.45:666][776]LogModuleManager: Shutting down and abandoning module PropertyEditor (35)
[2018.10.14-09.15.45:666][776]LogModuleManager: Shutting down and abandoning module AudioEditor (32)
[2018.10.14-09.15.45:668][776]LogModuleManager: Shutting down and abandoning module TextureCompressor (30)
[2018.10.14-09.15.45:670][776]LogModuleManager: Shutting down and abandoning module ShaderCore (28)
[2018.10.14-09.15.45:670][776]LogModuleManager: Shutting down and abandoning module Landscape (26)
[2018.10.14-09.15.45:670][776]LogModuleManager: Shutting down and abandoning module SlateRHIRenderer (24)
[2018.10.14-09.15.45:672][776]LogModuleManager: Shutting down and abandoning module OpenGLDrv (22)
[2018.10.14-09.15.45:673][776]LogModuleManager: Shutting down and abandoning module D3D11RHI (20)
[2018.10.14-09.15.45:673][776]LogModuleManager: Shutting down and abandoning module AnimGraphRuntime (18)
[2018.10.14-09.15.45:674][776]LogModuleManager: Shutting down and abandoning module Renderer (16)
[2018.10.14-09.15.45:674][776]LogModuleManager: Shutting down and abandoning module Engine (14)
[2018.10.14-09.15.45:674][776]LogModuleManager: Shutting down and abandoning module CoreUObject (12)
[2018.10.14-09.15.45:674][776]LogModuleManager: Shutting down and abandoning module NetworkFile (10)
[2018.10.14-09.15.45:674][776]LogModuleManager: Shutting down and abandoning module CookedIterativeFile (8)
[2018.10.14-09.15.45:674][776]LogModuleManager: Shutting down and abandoning module StreamingFile (6)
[2018.10.14-09.15.45:675][776]LogModuleManager: Shutting down and abandoning module SandboxFile (4)
[2018.10.14-09.15.45:675][776]LogModuleManager: Shutting down and abandoning module PakFile (2)
[2018.10.14-09.15.45:683][776]LogExit: Exiting.
[2018.10.14-09.15.45:695][776]Log file closed, 10/14/18 11:15:45
